A D/assistant////
A D/broadcast////
A D/broadcast_dummy////
A D/couple_B2////
A D/couple_B2.5////
A D/couple_B2_new////
A D/couple_Dummy////
A D/couple_EMC3////
A D/couple_Fidap////
A D/couple_Fidap_2d////
A D/couple_Tetra////
A D/couple_Tria////
A D/diagno////
A D/file-handling////
A D/geometry////
A D/grsoft-dummy////
A D/iterate////
A D/main-routines////
A D/mathematics////
A D/modules////
A D/nag-dummy////
A D/output////
A D/particle-tracing////
A D/photons////
A D/photons_dummy////
A D/plot_dummy////
A D/plotting////
A D/sampling////
A D/scoring////
A D/startup-routines////
A D/surface-processes////
A D/tetrahedrons////
A D/user////
A D/volume-processes////
