*     IK    IR          PSIn
       1     2     0.9728157
       2     2     0.9728129
       3     2     0.9727873
       4     2     0.9727855
       5     2     0.9727785
       6     2     0.9727908
       7     2     0.9727862
       8     2     0.9727931
       9     2     0.9727904
      10     2     0.9727822
      11     2     0.9727927
      12     2     0.9727856
      13     2     0.9727857
      14     2     0.9727847
      15     2     0.9727836
      16     2     0.9727938
      17     2     0.9727771
      18     2     0.9727740
      19     2     0.9727747
      20     2     0.9727864
      21     2     0.9727804
      22     2     0.9727921
      23     2     0.9727961
      24     2     0.9727909
      25     2     0.9727652
      26     2     0.9727617
      27     2     0.9727740
      28     2     0.9727550
      29     2     0.9727776
      30     2     0.9727382
      31     2     0.9727430
      32     2     0.9727606
      33     2     0.9727952
      34     2     0.9728095
      35     2     0.9727638
      36     2     0.9728075
      37     2     0.9728103
      38     2     0.9727663
      39     2     0.9728063
      40     2     0.9727961
      41     2     0.9727637
      42     2     0.9727531
      43     2     0.9727841
      44     2     0.9727780
      45     2     0.9727661
      46     2     0.9727631
      47     2     0.9727738
      48     2     0.9727641
      49     2     0.9727976
      50     2     0.9728151
      51     2     0.9728157
       1     3     0.9759147
       2     3     0.9759229
       3     3     0.9759034
       4     3     0.9758924
       5     3     0.9759058
       6     3     0.9759061
       7     3     0.9759050
       8     3     0.9759122
       9     3     0.9759094
      10     3     0.9759049
      11     3     0.9759101
      12     3     0.9759048
      13     3     0.9759068
      14     3     0.9759066
      15     3     0.9759040
      16     3     0.9759102
      17     3     0.9759025
      18     3     0.9759061
      19     3     0.9758952
      20     3     0.9759025
      21     3     0.9758961
      22     3     0.9759004
      23     3     0.9759038
      24     3     0.9758838
      25     3     0.9759032
      26     3     0.9758891
      27     3     0.9759083
      28     3     0.9758924
      29     3     0.9759003
      30     3     0.9758687
      31     3     0.9758839
      32     3     0.9758761
      33     3     0.9759295
      34     3     0.9759327
      35     3     0.9759002
      36     3     0.9759163
      37     3     0.9759186
      38     3     0.9759024
      39     3     0.9759287
      40     3     0.9759317
      41     3     0.9758783
      42     3     0.9758702
      43     3     0.9759070
      44     3     0.9759114
      45     3     0.9758798
      46     3     0.9758773
      47     3     0.9758816
      48     3     0.9759002
      49     3     0.9758912
      50     3     0.9759093
      51     3     0.9759147
       1     4     0.9789821
       2     4     0.9789653
       3     4     0.9789696
       4     4     0.9789718
       5     4     0.9789816
       6     4     0.9789793
       7     4     0.9789851
       8     4     0.9789891
       9     4     0.9789894
      10     4     0.9789901
      11     4     0.9789872
      12     4     0.9789867
      13     4     0.9789915
      14     4     0.9789914
      15     4     0.9789881
      16     4     0.9789841
      17     4     0.9789923
      18     4     0.9789940
      19     4     0.9789872
      20     4     0.9789733
      21     4     0.9789806
      22     4     0.9789696
      23     4     0.9789584
      24     4     0.9789712
      25     4     0.9789831
      26     4     0.9789900
      27     4     0.9789941
      28     4     0.9789905
      29     4     0.9789842
      30     4     0.9789732
      31     4     0.9789896
      32     4     0.9789546
      33     4     0.9790175
      34     4     0.9790112
      35     4     0.9789937
      36     4     0.9789874
      37     4     0.9789898
      38     4     0.9789939
      39     4     0.9790070
      40     4     0.9790206
      41     4     0.9789572
      42     4     0.9789533
      43     4     0.9789893
      44     4     0.9789987
      45     4     0.9789600
      46     4     0.9789642
      47     4     0.9789640
      48     4     0.9789699
      49     4     0.9789696
      50     4     0.9789837
      51     4     0.9789821
       1     5     0.9819853
       2     5     0.9819917
       3     5     0.9819759
       4     5     0.9819951
       5     5     0.9819861
       6     5     0.9819864
       7     5     0.9819966
       8     5     0.9819942
       9     5     0.9819973
      10     5     0.9820042
      11     5     0.9819942
      12     5     0.9820023
      13     5     0.9820051
      14     5     0.9820050
      15     5     0.9820044
      16     5     0.9819898
      17     5     0.9820092
      18     5     0.9820048
      19     5     0.9820064
      20     5     0.9819843
      21     5     0.9819958
      22     5     0.9819961
      23     5     0.9819961
      24     5     0.9819998
      25     5     0.9819844
      26     5     0.9820109
      27     5     0.9820074
      28     5     0.9820105
      29     5     0.9819948
      30     5     0.9820035
      31     5     0.9820155
      32     5     0.9819727
      33     5     0.9820289
      34     5     0.9820138
      35     5     0.9820121
      36     5     0.9819864
      37     5     0.9819881
      38     5     0.9820109
      39     5     0.9820116
      40     5     0.9820358
      41     5     0.9819699
      42     5     0.9819713
      43     5     0.9819985
      44     5     0.9820131
      45     5     0.9819769
      46     5     0.9819879
      47     5     0.9819903
      48     5     0.9819728
      49     5     0.9819633
      50     5     0.9819786
      51     5     0.9819853
       1     6     0.9849128
       2     6     0.9849075
       3     6     0.9848912
       4     6     0.9849055
       5     6     0.9848919
       6     6     0.9849036
       7     6     0.9849121
       8     6     0.9849070
       9     6     0.9849018
      10     6     0.9849134
      11     6     0.9849051
      12     6     0.9849153
      13     6     0.9849133
      14     6     0.9849128
      15     6     0.9849172
      16     6     0.9849054
      17     6     0.9849186
      18     6     0.9849069
      19     6     0.9849142
      20     6     0.9849078
      21     6     0.9849048
      22     6     0.9849128
      23     6     0.9849144
      24     6     0.9849048
      25     6     0.9848931
      26     6     0.9849197
      27     6     0.9849158
      28     6     0.9849230
      29     6     0.9848971
      30     6     0.9849252
      31     6     0.9849299
      32     6     0.9848901
      33     6     0.9849288
      34     6     0.9849167
      35     6     0.9849263
      36     6     0.9848825
      37     6     0.9848847
      38     6     0.9849224
      39     6     0.9849125
      40     6     0.9849410
      41     6     0.9848849
      42     6     0.9848868
      43     6     0.9848999
      44     6     0.9849234
      45     6     0.9848976
      46     6     0.9849072
      47     6     0.9849111
      48     6     0.9848932
      49     6     0.9848944
      50     6     0.9849099
      51     6     0.9849128
       1     7     0.9876896
       2     7     0.9876845
       3     7     0.9876730
       4     7     0.9876674
       5     7     0.9876727
       6     7     0.9876869
       7     7     0.9876939
       8     7     0.9876870
       9     7     0.9876762
      10     7     0.9876845
      11     7     0.9876829
      12     7     0.9876894
      13     7     0.9876846
      14     7     0.9876830
      15     7     0.9876901
      16     7     0.9876893
      17     7     0.9876857
      18     7     0.9876710
      19     7     0.9876709
      20     7     0.9876915
      21     7     0.9876781
      22     7     0.9876757
      23     7     0.9876711
      24     7     0.9876649
      25     7     0.9876811
      26     7     0.9876895
      27     7     0.9876868
      28     7     0.9876958
      29     7     0.9876631
      30     7     0.9877020
      31     7     0.9877075
      32     7     0.9876780
      33     7     0.9876976
      34     7     0.9876779
      35     7     0.9876980
      36     7     0.9876538
      37     7     0.9876557
      38     7     0.9876921
      39     7     0.9876719
      40     7     0.9877064
      41     7     0.9876621
      42     7     0.9876715
      43     7     0.9876671
      44     7     0.9876945
      45     7     0.9876785
      46     7     0.9876871
      47     7     0.9876927
      48     7     0.9876784
      49     7     0.9876673
      50     7     0.9876798
      51     7     0.9876896
       1     8     0.9903045
       2     8     0.9902836
       3     8     0.9902712
       4     8     0.9902696
       5     8     0.9902835
       6     8     0.9902945
       7     8     0.9902993
       8     8     0.9902933
       9     8     0.9902811
      10     8     0.9902818
      11     8     0.9902889
      12     8     0.9902905
      13     8     0.9902824
      14     8     0.9902813
      15     8     0.9902872
      16     8     0.9902984
      17     8     0.9902764
      18     8     0.9902746
      19     8     0.9902674
      20     8     0.9902900
      21     8     0.9902762
      22     8     0.9902784
      23     8     0.9902750
      24     8     0.9902712
      25     8     0.9902941
      26     8     0.9902809
      27     8     0.9902806
      28     8     0.9902988
      29     8     0.9902559
      30     8     0.9903059
      31     8     0.9903065
      32     8     0.9902889
      33     8     0.9902889
      34     8     0.9902712
      35     8     0.9902967
      36     8     0.9902526
      37     8     0.9902542
      38     8     0.9902930
      39     8     0.9902714
      40     8     0.9902956
      41     8     0.9902767
      42     8     0.9902825
      43     8     0.9902592
      44     8     0.9902944
      45     8     0.9902864
      46     8     0.9902882
      47     8     0.9902927
      48     8     0.9902841
      49     8     0.9902662
      50     8     0.9902830
      51     8     0.9903045
       1     9     0.9927041
       2     9     0.9926861
       3     9     0.9926688
       4     9     0.9926734
       5     9     0.9926814
       6     9     0.9926853
       7     9     0.9926902
       8     9     0.9926891
       9     9     0.9926789
      10     9     0.9926717
      11     9     0.9926878
      12     9     0.9926811
      13     9     0.9926733
      14     9     0.9926725
      15     9     0.9926746
      16     9     0.9926953
      17     9     0.9926667
      18     9     0.9926750
      19     9     0.9926667
      20     9     0.9926711
      21     9     0.9926664
      22     9     0.9926817
      23     9     0.9926787
      24     9     0.9926759
      25     9     0.9926908
      26     9     0.9926633
      27     9     0.9926697
      28     9     0.9926903
      29     9     0.9926488
      30     9     0.9926990
      31     9     0.9926925
      32     9     0.9926878
      33     9     0.9926675
      34     9     0.9926654
      35     9     0.9926880
      36     9     0.9926594
      37     9     0.9926651
      38     9     0.9926822
      39     9     0.9926625
      40     9     0.9926717
      41     9     0.9926782
      42     9     0.9926817
      43     9     0.9926518
      44     9     0.9926859
      45     9     0.9926818
      46     9     0.9926813
      47     9     0.9926752
      48     9     0.9926707
      49     9     0.9926696
      50     9     0.9926792
      51     9     0.9927041
       1    10     0.9948662
       2    10     0.9948268
       3    10     0.9948254
       4    10     0.9948296
       5    10     0.9948266
       6    10     0.9948238
       7    10     0.9948319
       8    10     0.9948391
       9    10     0.9948339
      10    10     0.9948211
      11    10     0.9948401
      12    10     0.9948265
      13    10     0.9948233
      14    10     0.9948236
      15    10     0.9948199
      16    10     0.9948416
      17    10     0.9948192
      18    10     0.9948315
      19    10     0.9948237
      20    10     0.9948191
      21    10     0.9948233
      22    10     0.9948294
      23    10     0.9948210
      24    10     0.9948277
      25    10     0.9948375
      26    10     0.9948145
      27    10     0.9948159
      28    10     0.9948370
      29    10     0.9948023
      30    10     0.9948468
      31    10     0.9948439
      32    10     0.9948491
      33    10     0.9948236
      34    10     0.9948113
      35    10     0.9948308
      36    10     0.9948250
      37    10     0.9948292
      38    10     0.9948240
      39    10     0.9948051
      40    10     0.9948216
      41    10     0.9948326
      42    10     0.9948410
      43    10     0.9948018
      44    10     0.9948251
      45    10     0.9948379
      46    10     0.9948287
      47    10     0.9948121
      48    10     0.9948097
      49    10     0.9948165
      50    10     0.9948240
      51    10     0.9948662
       1    11     0.9967482
       2    11     0.9966994
       3    11     0.9966943
       4    11     0.9966946
       5    11     0.9966885
       6    11     0.9966854
       7    11     0.9966925
       8    11     0.9967055
       9    11     0.9967078
      10    11     0.9966944
      11    11     0.9967126
      12    11     0.9966955
      13    11     0.9966965
      14    11     0.9966977
      15    11     0.9966906
      16    11     0.9967036
      17    11     0.9966955
      18    11     0.9967039
      19    11     0.9966978
      20    11     0.9966925
      21    11     0.9967005
      22    11     0.9966945
      23    11     0.9966864
      24    11     0.9966877
      25    11     0.9966962
      26    11     0.9966900
      27    11     0.9966862
      28    11     0.9967060
      29    11     0.9966711
      30    11     0.9967222
      31    11     0.9967131
      32    11     0.9967261
      33    11     0.9966955
      34    11     0.9966870
      35    11     0.9966985
      36    11     0.9967011
      37    11     0.9967029
      38    11     0.9966941
      39    11     0.9966878
      40    11     0.9966898
      41    11     0.9967160
      42    11     0.9967155
      43    11     0.9966714
      44    11     0.9966886
      45    11     0.9967152
      46    11     0.9966934
      47    11     0.9966830
      48    11     0.9966834
      49    11     0.9966861
      50    11     0.9966996
      51    11     0.9967482
       1    12     0.9983210
       2    12     0.9982582
       3    12     0.9982472
       4    12     0.9982491
       5    12     0.9982436
       6    12     0.9982399
       7    12     0.9982448
       8    12     0.9982555
       9    12     0.9982672
      10    12     0.9982550
      11    12     0.9982708
      12    12     0.9982503
      13    12     0.9982572
      14    12     0.9982566
      15    12     0.9982503
      16    12     0.9982537
      17    12     0.9982568
      18    12     0.9982575
      19    12     0.9982531
      20    12     0.9982542
      21    12     0.9982571
      22    12     0.9982511
      23    12     0.9982497
      24    12     0.9982436
      25    12     0.9982453
      26    12     0.9982494
      27    12     0.9982465
      28    12     0.9982591
      29    12     0.9982284
      30    12     0.9982821
      31    12     0.9982652
      32    12     0.9982843
      33    12     0.9982426
      34    12     0.9982594
      35    12     0.9982565
      36    12     0.9982663
      37    12     0.9982697
      38    12     0.9982498
      39    12     0.9982604
      40    12     0.9982381
      41    12     0.9982811
      42    12     0.9982722
      43    12     0.9982320
      44    12     0.9982411
      45    12     0.9982735
      46    12     0.9982472
      47    12     0.9982433
      48    12     0.9982491
      49    12     0.9982476
      50    12     0.9982508
      51    12     0.9983210
       1    13     0.9997202
       2    13     0.9994595
       3    13     0.9994574
       4    13     0.9994597
       5    13     0.9994537
       6    13     0.9994489
       7    13     0.9994513
       8    13     0.9994611
       9    13     0.9994774
      10    13     0.9994652
      11    13     0.9994753
      12    13     0.9994577
      13    13     0.9994663
      14    13     0.9994674
      15    13     0.9994598
      16    13     0.9994559
      17    13     0.9994676
      18    13     0.9994627
      19    13     0.9994592
      20    13     0.9994664
      21    13     0.9994649
      22    13     0.9994579
      23    13     0.9994645
      24    13     0.9994561
      25    13     0.9994522
      26    13     0.9994624
      27    13     0.9994580
      28    13     0.9994637
      29    13     0.9994421
      30    13     0.9994872
      31    13     0.9994715
      32    13     0.9994944
      33    13     0.9994473
      34    13     0.9994806
      35    13     0.9994631
      36    13     0.9994843
      37    13     0.9994888
      38    13     0.9994535
      39    13     0.9994749
      40    13     0.9994463
      41    13     0.9994907
      42    13     0.9994820
      43    13     0.9994452
      44    13     0.9994417
      45    13     0.9994817
      46    13     0.9994558
      47    13     0.9994538
      48    13     0.9994628
      49    13     0.9994634
      50    13     0.9994628
      51    13     0.9997202
       1    14     1.0001582
       2    14     1.0001587
       3    14     1.0001588
       4    14     1.0001589
       5    14     1.0001581
       6    14     1.0001583
       7    14     1.0001595
       8    14     1.0001609
       9    14     1.0001586
      10    14     1.0001576
      11    14     1.0001597
      12    14     1.0001600
      13    14     1.0001584
      14    14     1.0001582
      15    14     1.0001585
      16    14     1.0001601
      17    14     1.0001594
      18    14     1.0001599
      19    14     1.0001582
      20    14     1.0001537
      21    14     1.0000679
      22    14     1.0001521
      23    14     1.0001507
      24    14     1.0001531
      25    14     1.0001468
      26    14     1.0001411
      27    14     1.0001425
      28    14     1.0001502
      29    14     1.0001684
      30    14     1.0001568
      31    14     1.0001616
      32    14     1.0001506
      33    14     1.0001577
      34    14     1.0001612
      35    14     1.0001506
      36    14     1.0001427
      37    14     1.0001606
      38    14     1.0001517
      39    14     1.0001481
      40    14     1.0001573
      41    14     1.0001558
      42    14     1.0001501
      43    14     1.0001570
      44    14     1.0001497
      45    14     1.0001448
      46    14     1.0001578
      47    14     1.0001507
      48    14     1.0001525
      49    14     1.0001372
      50    14     1.0001761
      51    14     1.0001624
      52    14     1.0001864
      53    14     1.0001390
      54    14     1.0001756
      55    14     1.0001508
      56    14     1.0001820
      57    14     1.0001868
      58    14     1.0001419
      59    14     1.0001666
      60    14     1.0001401
      61    14     1.0001828
      62    14     1.0001745
      63    14     1.0001408
      64    14     1.0001290
      65    14     1.0001723
      66    14     1.0001449
      67    14     1.0001468
      68    14     1.0001570
      69    14     1.0001619
      70    14     1.0001594
      71    14     1.0000684
      72    14     1.0001533
      73    14     1.0001550
      74    14     1.0001555
      75    14     1.0001575
      76    14     1.0001528
      77    14     1.0001591
      78    14     1.0001552
      79    14     1.0001546
      80    14     1.0001592
      81    14     1.0001527
      82    14     1.0001537
      83    14     1.0001525
      84    14     1.0001580
      85    14     1.0001556
      86    14     1.0001536
      87    14     1.0001525
      88    14     1.0001522
      89    14     1.0001520
      90    14     1.0001519
       1    15     1.0006054
       2    15     1.0006059
       3    15     1.0006060
       4    15     1.0006059
       5    15     1.0006058
       6    15     1.0006057
       7    15     1.0006057
       8    15     1.0006048
       9    15     1.0006052
      10    15     1.0006063
      11    15     1.0006053
      12    15     1.0006059
      13    15     1.0006060
      14    15     1.0006053
      15    15     1.0006060
      16    15     1.0006060
      17    15     1.0006057
      18    15     1.0006064
      19    15     1.0006061
      20    15     1.0005931
      21    15     1.0005711
      22    15     1.0005986
      23    15     1.0005967
      24    15     1.0005992
      25    15     1.0005939
      26    15     1.0005871
      27    15     1.0005883
      28    15     1.0005937
      29    15     1.0006127
      30    15     1.0006030
      31    15     1.0006039
      32    15     1.0005969
      33    15     1.0006045
      34    15     1.0006076
      35    15     1.0005970
      36    15     1.0005883
      37    15     1.0006065
      38    15     1.0005951
      39    15     1.0005938
      40    15     1.0006028
      41    15     1.0006008
      42    15     1.0005994
      43    15     1.0006043
      44    15     1.0005967
      45    15     1.0005917
      46    15     1.0006045
      47    15     1.0005948
      48    15     1.0005958
      49    15     1.0005847
      50    15     1.0006200
      51    15     1.0006074
      52    15     1.0006320
      53    15     1.0005852
      54    15     1.0006202
      55    15     1.0005937
      56    15     1.0006319
      57    15     1.0006364
      58    15     1.0005859
      59    15     1.0006128
      60    15     1.0005877
      61    15     1.0006283
      62    15     1.0006204
      63    15     1.0005875
      64    15     1.0005724
      65    15     1.0006186
      66    15     1.0005890
      67    15     1.0005917
      68    15     1.0006041
      69    15     1.0006064
      70    15     1.0006034
      71    15     1.0005736
      72    15     1.0005949
      73    15     1.0006012
      74    15     1.0006003
      75    15     1.0006025
      76    15     1.0006011
      77    15     1.0006035
      78    15     1.0006003
      79    15     1.0005998
      80    15     1.0006045
      81    15     1.0005995
      82    15     1.0006001
      83    15     1.0005990
      84    15     1.0006043
      85    15     1.0006026
      86    15     1.0006001
      87    15     1.0005988
      88    15     1.0005993
      89    15     1.0005997
      90    15     1.0006001
       1    16     1.0012181
       2    16     1.0012183
       3    16     1.0012186
       4    16     1.0012189
       5    16     1.0012192
       6    16     1.0012199
       7    16     1.0012200
       8    16     1.0012190
       9    16     1.0012194
      10    16     1.0012206
      11    16     1.0012195
      12    16     1.0012199
      13    16     1.0012208
      14    16     1.0012206
      15    16     1.0012206
      16    16     1.0012204
      17    16     1.0012195
      18    16     1.0012186
      19    16     1.0012180
      20    16     1.0012011
      21    16     1.0011911
      22    16     1.0012112
      23    16     1.0012118
      24    16     1.0012128
      25    16     1.0012083
      26    16     1.0012017
      27    16     1.0012017
      28    16     1.0012037
      29    16     1.0012233
      30    16     1.0012180
      31    16     1.0012156
      32    16     1.0012108
      33    16     1.0012195
      34    16     1.0012215
      35    16     1.0012125
      36    16     1.0012027
      37    16     1.0012190
      38    16     1.0012071
      39    16     1.0012070
      40    16     1.0012147
      41    16     1.0012108
      42    16     1.0012150
      43    16     1.0012207
      44    16     1.0012142
      45    16     1.0012068
      46    16     1.0012188
      47    16     1.0012066
      48    16     1.0012071
      49    16     1.0011995
      50    16     1.0012313
      51    16     1.0012201
      52    16     1.0012451
      53    16     1.0012007
      54    16     1.0012332
      55    16     1.0012038
      56    16     1.0012496
      57    16     1.0012520
      58    16     1.0011976
      59    16     1.0012276
      60    16     1.0012053
      61    16     1.0012418
      62    16     1.0012343
      63    16     1.0011992
      64    16     1.0011828
      65    16     1.0012347
      66    16     1.0012001
      67    16     1.0012049
      68    16     1.0012178
      69    16     1.0012170
      70    16     1.0012149
      71    16     1.0011930
      72    16     1.0012050
      73    16     1.0012128
      74    16     1.0012147
      75    16     1.0012146
      76    16     1.0012174
      77    16     1.0012152
      78    16     1.0012141
      79    16     1.0012135
      80    16     1.0012169
      81    16     1.0012149
      82    16     1.0012147
      83    16     1.0012140
      84    16     1.0012193
      85    16     1.0012181
      86    16     1.0012145
      87    16     1.0012138
      88    16     1.0012146
      89    16     1.0012153
      90    16     1.0012159
       1    17     1.0019832
       2    17     1.0019835
       3    17     1.0019838
       4    17     1.0019841
       5    17     1.0019843
       6    17     1.0019837
       7    17     1.0019846
       8    17     1.0019865
       9    17     1.0019847
      10    17     1.0019837
      11    17     1.0019859
      12    17     1.0019851
      13    17     1.0019841
      14    17     1.0019846
      15    17     1.0019829
      16    17     1.0019881
      17    17     1.0019821
      18    17     1.0019823
      19    17     1.0019826
      20    17     1.0019687
      21    17     1.0019593
      22    17     1.0019747
      23    17     1.0019781
      24    17     1.0019789
      25    17     1.0019739
      26    17     1.0019680
      27    17     1.0019664
      28    17     1.0019659
      29    17     1.0019837
      30    17     1.0019842
      31    17     1.0019796
      32    17     1.0019752
      33    17     1.0019854
      34    17     1.0019858
      35    17     1.0019790
      36    17     1.0019676
      37    17     1.0019810
      38    17     1.0019722
      39    17     1.0019713
      40    17     1.0019772
      41    17     1.0019757
      42    17     1.0019779
      43    17     1.0019830
      44    17     1.0019831
      45    17     1.0019732
      46    17     1.0019835
      47    17     1.0019696
      48    17     1.0019702
      49    17     1.0019640
      50    17     1.0019942
      51    17     1.0019842
      52    17     1.0020098
      53    17     1.0019698
      54    17     1.0019987
      55    17     1.0019657
      56    17     1.0020166
      57    17     1.0020171
      58    17     1.0019612
      59    17     1.0019950
      60    17     1.0019768
      61    17     1.0020069
      62    17     1.0019989
      63    17     1.0019604
      64    17     1.0019448
      65    17     1.0020017
      66    17     1.0019620
      67    17     1.0019743
      68    17     1.0019818
      69    17     1.0019835
      70    17     1.0019804
      71    17     1.0019585
      72    17     1.0019659
      73    17     1.0019763
      74    17     1.0019825
      75    17     1.0019817
      76    17     1.0019824
      77    17     1.0019815
      78    17     1.0019804
      79    17     1.0019798
      80    17     1.0019813
      81    17     1.0019818
      82    17     1.0019806
      83    17     1.0019803
      84    17     1.0019878
      85    17     1.0019837
      86    17     1.0019807
      87    17     1.0019810
      88    17     1.0019813
      89    17     1.0019816
      90    17     1.0019817
       1    18     1.0028889
       2    18     1.0028888
       3    18     1.0028886
       4    18     1.0028885
       5    18     1.0028880
       6    18     1.0028862
       7    18     1.0028862
       8    18     1.0028874
       9    18     1.0028894
      10    18     1.0028857
      11    18     1.0028889
      12    18     1.0028863
      13    18     1.0028869
      14    18     1.0028882
      15    18     1.0028847
      16    18     1.0028911
      17    18     1.0028842
      18    18     1.0028836
      19    18     1.0028850
      20    18     1.0028733
      21    18     1.0028640
      22    18     1.0028726
      23    18     1.0028800
      24    18     1.0028815
      25    18     1.0028784
      26    18     1.0028713
      27    18     1.0028684
      28    18     1.0028673
      29    18     1.0028823
      30    18     1.0028865
      31    18     1.0028787
      32    18     1.0028749
      33    18     1.0028870
      34    18     1.0028857
      35    18     1.0028811
      36    18     1.0028673
      37    18     1.0028804
      38    18     1.0028735
      39    18     1.0028726
      40    18     1.0028789
      41    18     1.0028797
      42    18     1.0028785
      43    18     1.0028805
      44    18     1.0028872
      45    18     1.0028797
      46    18     1.0028843
      47    18     1.0028703
      48    18     1.0028696
      49    18     1.0028638
      50    18     1.0028948
      51    18     1.0028832
      52    18     1.0029098
      53    18     1.0028763
      54    18     1.0029017
      55    18     1.0028654
      56    18     1.0029187
      57    18     1.0029194
      58    18     1.0028631
      59    18     1.0029017
      60    18     1.0028825
      61    18     1.0029085
      62    18     1.0028983
      63    18     1.0028589
      64    18     1.0028458
      65    18     1.0029024
      66    18     1.0028635
      67    18     1.0028811
      68    18     1.0028846
      69    18     1.0028857
      70    18     1.0028802
      71    18     1.0028609
      72    18     1.0028667
      73    18     1.0028798
      74    18     1.0028856
      75    18     1.0028861
      76    18     1.0028857
      77    18     1.0028870
      78    18     1.0028854
      79    18     1.0028838
      80    18     1.0028838
      81    18     1.0028871
      82    18     1.0028839
      83    18     1.0028841
      84    18     1.0028917
      85    18     1.0028867
      86    18     1.0028841
      87    18     1.0028845
      88    18     1.0028847
      89    18     1.0028850
      90    18     1.0028851
       1    19     1.0039145
       2    19     1.0039146
       3    19     1.0039146
       4    19     1.0039145
       5    19     1.0039144
       6    19     1.0039141
       7    19     1.0039123
       8    19     1.0039095
       9    19     1.0039142
      10    19     1.0039133
      11    19     1.0039139
      12    19     1.0039111
      13    19     1.0039142
      14    19     1.0039151
      15    19     1.0039122
      16    19     1.0039172
      17    19     1.0039133
      18    19     1.0039103
      19    19     1.0039044
      20    19     1.0038962
      21    19     1.0038927
      22    19     1.0038951
      23    19     1.0039030
      24    19     1.0039057
      25    19     1.0039045
      26    19     1.0038983
      27    19     1.0038943
      28    19     1.0038914
      29    19     1.0039046
      30    19     1.0039099
      31    19     1.0038979
      32    19     1.0038982
      33    19     1.0039092
      34    19     1.0039101
      35    19     1.0039043
      36    19     1.0038901
      37    19     1.0039037
      38    19     1.0038968
      39    19     1.0038977
      40    19     1.0039046
      41    19     1.0039039
      42    19     1.0039055
      43    19     1.0039027
      44    19     1.0039139
      45    19     1.0039109
      46    19     1.0039074
      47    19     1.0038944
      48    19     1.0038909
      49    19     1.0038845
      50    19     1.0039177
      51    19     1.0039006
      52    19     1.0039300
      53    19     1.0038992
      54    19     1.0039287
      55    19     1.0038889
      56    19     1.0039441
      57    19     1.0039447
      58    19     1.0038892
      59    19     1.0039329
      60    19     1.0039036
      61    19     1.0039323
      62    19     1.0039187
      63    19     1.0038829
      64    19     1.0038713
      65    19     1.0039231
      66    19     1.0038915
      67    19     1.0039054
      68    19     1.0039104
      69    19     1.0039038
      70    19     1.0039008
      71    19     1.0038836
      72    19     1.0038914
      73    19     1.0039059
      74    19     1.0039106
      75    19     1.0039124
      76    19     1.0039149
      77    19     1.0039157
      78    19     1.0039153
      79    19     1.0039109
      80    19     1.0039096
      81    19     1.0039163
      82    19     1.0039104
      83    19     1.0039112
      84    19     1.0039168
      85    19     1.0039128
      86    19     1.0039100
      87    19     1.0039097
      88    19     1.0039105
      89    19     1.0039112
      90    19     1.0039117
       1    20     1.0050477
       2    20     1.0050478
       3    20     1.0050478
       4    20     1.0050479
       5    20     1.0050478
       6    20     1.0050474
       7    20     1.0050457
       8    20     1.0050421
       9    20     1.0050471
      10    20     1.0050466
      11    20     1.0050479
      12    20     1.0050433
      13    20     1.0050460
      14    20     1.0050465
      15    20     1.0050478
      16    20     1.0050500
      17    20     1.0050494
      18    20     1.0050432
      19    20     1.0050342
      20    20     1.0050267
      21    20     1.0050232
      22    20     1.0050280
      23    20     1.0050329
      24    20     1.0050365
      25    20     1.0050372
      26    20     1.0050330
      27    20     1.0050287
      28    20     1.0050220
      29    20     1.0050330
      30    20     1.0050415
      31    20     1.0050243
      32    20     1.0050321
      33    20     1.0050410
      34    20     1.0050434
      35    20     1.0050374
      36    20     1.0050241
      37    20     1.0050326
      38    20     1.0050298
      39    20     1.0050312
      40    20     1.0050372
      41    20     1.0050364
      42    20     1.0050378
      43    20     1.0050321
      44    20     1.0050433
      45    20     1.0050433
      46    20     1.0050366
      47    20     1.0050271
      48    20     1.0050205
      49    20     1.0050135
      50    20     1.0050448
      51    20     1.0050242
      52    20     1.0050570
      53    20     1.0050270
      54    20     1.0050661
      55    20     1.0050223
      56    20     1.0050772
      57    20     1.0050781
      58    20     1.0050229
      59    20     1.0050737
      60    20     1.0050306
      61    20     1.0050621
      62    20     1.0050465
      63    20     1.0050181
      64    20     1.0050042
      65    20     1.0050503
      66    20     1.0050254
      67    20     1.0050356
      68    20     1.0050409
      69    20     1.0050336
      70    20     1.0050311
      71    20     1.0050174
      72    20     1.0050255
      73    20     1.0050362
      74    20     1.0050449
      75    20     1.0050500
      76    20     1.0050500
      77    20     1.0050496
      78    20     1.0050513
      79    20     1.0050493
      80    20     1.0050453
      81    20     1.0050521
      82    20     1.0050445
      83    20     1.0050463
      84    20     1.0050520
      85    20     1.0050466
      86    20     1.0050453
      87    20     1.0050443
      88    20     1.0050447
      89    20     1.0050450
      90    20     1.0050452
       1    21     1.0062745
       2    21     1.0062746
       3    21     1.0062745
       4    21     1.0062743
       5    21     1.0062740
       6    21     1.0062730
       7    21     1.0062702
       8    21     1.0062709
       9    21     1.0062744
      10    21     1.0062721
      11    21     1.0062756
      12    21     1.0062729
      13    21     1.0062723
      14    21     1.0062742
      15    21     1.0062775
      16    21     1.0062764
      17    21     1.0062754
      18    21     1.0062699
      19    21     1.0062600
      20    21     1.0062533
      21    21     1.0062490
      22    21     1.0062538
      23    21     1.0062568
      24    21     1.0062607
      25    21     1.0062627
      26    21     1.0062603
      27    21     1.0062562
      28    21     1.0062474
      29    21     1.0062540
      30    21     1.0062680
      31    21     1.0062483
      32    21     1.0062590
      33    21     1.0062680
      34    21     1.0062668
      35    21     1.0062649
      36    21     1.0062514
      37    21     1.0062567
      38    21     1.0062562
      39    21     1.0062592
      40    21     1.0062614
      41    21     1.0062632
      42    21     1.0062651
      43    21     1.0062594
      44    21     1.0062628
      45    21     1.0062682
      46    21     1.0062566
      47    21     1.0062556
      48    21     1.0062424
      49    21     1.0062420
      50    21     1.0062634
      51    21     1.0062438
      52    21     1.0062760
      53    21     1.0062519
      54    21     1.0062990
      55    21     1.0062485
      56    21     1.0063037
      57    21     1.0063039
      58    21     1.0062475
      59    21     1.0063041
      60    21     1.0062547
      61    21     1.0062830
      62    21     1.0062666
      63    21     1.0062467
      64    21     1.0062268
      65    21     1.0062696
      66    21     1.0062487
      67    21     1.0062637
      68    21     1.0062619
      69    21     1.0062573
      70    21     1.0062574
      71    21     1.0062490
      72    21     1.0062554
      73    21     1.0062615
      74    21     1.0062735
      75    21     1.0062826
      76    21     1.0062807
      77    21     1.0062816
      78    21     1.0062790
      79    21     1.0062815
      80    21     1.0062761
      81    21     1.0062793
      82    21     1.0062741
      83    21     1.0062763
      84    21     1.0062815
      85    21     1.0062754
      86    21     1.0062749
      87    21     1.0062741
      88    21     1.0062734
      89    21     1.0062730
      90    21     1.0062736
       1    22     1.0075788
       2    22     1.0075782
       3    22     1.0075776
       4    22     1.0075768
       5    22     1.0075763
       6    22     1.0075769
       7    22     1.0075764
       8    22     1.0075793
       9    22     1.0075799
      10    22     1.0075788
      11    22     1.0075794
      12    22     1.0075817
      13    22     1.0075810
      14    22     1.0075825
      15    22     1.0075833
      16    22     1.0075805
      17    22     1.0075790
      18    22     1.0075750
      19    22     1.0075642
      20    22     1.0075581
      21    22     1.0075556
      22    22     1.0075560
      23    22     1.0075604
      24    22     1.0075640
      25    22     1.0075662
      26    22     1.0075659
      27    22     1.0075631
      28    22     1.0075537
      29    22     1.0075569
      30    22     1.0075713
      31    22     1.0075531
      32    22     1.0075618
      33    22     1.0075706
      34    22     1.0075677
      35    22     1.0075672
      36    22     1.0075572
      37    22     1.0075612
      38    22     1.0075620
      39    22     1.0075664
      40    22     1.0075658
      41    22     1.0075690
      42    22     1.0075708
      43    22     1.0075685
      44    22     1.0075638
      45    22     1.0075722
      46    22     1.0075577
      47    22     1.0075586
      48    22     1.0075441
      49    22     1.0075528
      50    22     1.0075620
      51    22     1.0075463
      52    22     1.0075717
      53    22     1.0075592
      54    22     1.0076064
      55    22     1.0075516
      56    22     1.0076075
      57    22     1.0076078
      58    22     1.0075510
      59    22     1.0076100
      60    22     1.0075612
      61    22     1.0075809
      62    22     1.0075632
      63    22     1.0075516
      64    22     1.0075274
      65    22     1.0075703
      66    22     1.0075508
      67    22     1.0075724
      68    22     1.0075641
      69    22     1.0075595
      70    22     1.0075617
      71    22     1.0075575
      72    22     1.0075589
      73    22     1.0075670
      74    22     1.0075808
      75    22     1.0075941
      76    22     1.0075950
      77    22     1.0075936
      78    22     1.0075936
      79    22     1.0075900
      80    22     1.0075902
      81    22     1.0075866
      82    22     1.0075854
      83    22     1.0075879
      84    22     1.0075901
      85    22     1.0075857
      86    22     1.0075847
      87    22     1.0075835
      88    22     1.0075825
      89    22     1.0075819
      90    22     1.0075828
       1    23     1.0089480
       2    23     1.0089479
       3    23     1.0089477
       4    23     1.0089473
       5    23     1.0089473
       6    23     1.0089487
       7    23     1.0089500
       8    23     1.0089492
       9    23     1.0089504
      10    23     1.0089501
      11    23     1.0089502
      12    23     1.0089524
      13    23     1.0089524
      14    23     1.0089543
      15    23     1.0089511
      16    23     1.0089500
      17    23     1.0089461
      18    23     1.0089417
      19    23     1.0089347
      20    23     1.0089266
      21    23     1.0089248
      22    23     1.0089231
      23    23     1.0089296
      24    23     1.0089311
      25    23     1.0089337
      26    23     1.0089345
      27    23     1.0089335
      28    23     1.0089235
      29    23     1.0089251
      30    23     1.0089363
      31    23     1.0089184
      32    23     1.0089305
      33    23     1.0089356
      34    23     1.0089345
      35    23     1.0089345
      36    23     1.0089291
      37    23     1.0089289
      38    23     1.0089327
      39    23     1.0089369
      40    23     1.0089355
      41    23     1.0089344
      42    23     1.0089378
      43    23     1.0089405
      44    23     1.0089274
      45    23     1.0089356
      46    23     1.0089243
      47    23     1.0089211
      48    23     1.0089127
      49    23     1.0089216
      50    23     1.0089240
      51    23     1.0089161
      52    23     1.0089295
      53    23     1.0089342
      54    23     1.0089740
      55    23     1.0089192
      56    23     1.0089751
      57    23     1.0089744
      58    23     1.0089205
      59    23     1.0089788
      60    23     1.0089361
      61    23     1.0089408
      62    23     1.0089216
      63    23     1.0089173
      64    23     1.0088977
      65    23     1.0089367
      66    23     1.0089212
      67    23     1.0089396
      68    23     1.0089335
      69    23     1.0089308
      70    23     1.0089233
      71    23     1.0089241
      72    23     1.0089262
      73    23     1.0089350
      74    23     1.0089531
      75    23     1.0089672
      76    23     1.0089752
      77    23     1.0089739
      78    23     1.0089744
      79    23     1.0089714
      80    23     1.0089705
      81    23     1.0089667
      82    23     1.0089661
      83    23     1.0089695
      84    23     1.0089671
      85    23     1.0089639
      86    23     1.0089621
      87    23     1.0089625
      88    23     1.0089624
      89    23     1.0089621
      90    23     1.0089624
       1    24     1.0103683
       2    24     1.0103684
       3    24     1.0103683
       4    24     1.0103680
       5    24     1.0103688
       6    24     1.0103703
       7    24     1.0103712
       8    24     1.0103699
       9    24     1.0103687
      10    24     1.0103707
      11    24     1.0103710
      12    24     1.0103711
      13    24     1.0103710
      14    24     1.0103753
      15    24     1.0103688
      16    24     1.0103699
      17    24     1.0103630
      18    24     1.0103581
      19    24     1.0103534
      20    24     1.0103457
      21    24     1.0103434
      22    24     1.0103415
      23    24     1.0103488
      24    24     1.0103482
      25    24     1.0103502
      26    24     1.0103520
      27    24     1.0103523
      28    24     1.0103429
      29    24     1.0103406
      30    24     1.0103518
      31    24     1.0103353
      32    24     1.0103507
      33    24     1.0103517
      34    24     1.0103497
      35    24     1.0103525
      36    24     1.0103495
      37    24     1.0103469
      38    24     1.0103525
      39    24     1.0103555
      40    24     1.0103520
      41    24     1.0103509
      42    24     1.0103536
      43    24     1.0103598
      44    24     1.0103437
      45    24     1.0103499
      46    24     1.0103362
      47    24     1.0103350
      48    24     1.0103329
      49    24     1.0103360
      50    24     1.0103387
      51    24     1.0103320
      52    24     1.0103351
      53    24     1.0103583
      54    24     1.0103918
      55    24     1.0103375
      56    24     1.0103903
      57    24     1.0103884
      58    24     1.0103402
      59    24     1.0103959
      60    24     1.0103580
      61    24     1.0103474
      62    24     1.0103300
      63    24     1.0103305
      64    24     1.0103212
      65    24     1.0103481
      66    24     1.0103415
      67    24     1.0103540
      68    24     1.0103460
      69    24     1.0103477
      70    24     1.0103354
      71    24     1.0103406
      72    24     1.0103443
      73    24     1.0103526
      74    24     1.0103665
      75    24     1.0103781
      76    24     1.0103871
      77    24     1.0103888
      78    24     1.0103847
      79    24     1.0103826
      80    24     1.0103818
      81    24     1.0103823
      82    24     1.0103808
      83    24     1.0103817
      84    24     1.0103770
      85    24     1.0103767
      86    24     1.0103743
      87    24     1.0103752
      88    24     1.0103765
      89    24     1.0103772
      90    24     1.0103777
       1    25     1.0118256
       2    25     1.0118251
       3    25     1.0118246
       4    25     1.0118238
       5    25     1.0118238
       6    25     1.0118240
       7    25     1.0118262
       8    25     1.0118280
       9    25     1.0118232
      10    25     1.0118272
      11    25     1.0118233
      12    25     1.0118241
      13    25     1.0118257
      14    25     1.0118306
      15    25     1.0118249
      16    25     1.0118244
      17    25     1.0118159
      18    25     1.0118110
      19    25     1.0118049
      20    25     1.0117991
      21    25     1.0117954
      22    25     1.0117928
      23    25     1.0118001
      24    25     1.0117994
      25    25     1.0118007
      26    25     1.0118031
      27    25     1.0118046
      28    25     1.0117972
      29    25     1.0117926
      30    25     1.0118021
      31    25     1.0117899
      32    25     1.0118016
      33    25     1.0118016
      34    25     1.0117982
      35    25     1.0118015
      36    25     1.0118043
      37    25     1.0117985
      38    25     1.0118051
      39    25     1.0118077
      40    25     1.0118019
      41    25     1.0118045
      42    25     1.0118053
      43    25     1.0118102
      44    25     1.0117949
      45    25     1.0117960
      46    25     1.0117858
      47    25     1.0117873
      48    25     1.0117863
      49    25     1.0117850
      50    25     1.0117898
      51    25     1.0117808
      52    25     1.0117759
      53    25     1.0118127
      54    25     1.0118437
      55    25     1.0117911
      56    25     1.0118366
      57    25     1.0118323
      58    25     1.0117953
      59    25     1.0118462
      60    25     1.0118096
      61    25     1.0117868
      62    25     1.0117734
      63    25     1.0117820
      64    25     1.0117758
      65    25     1.0117934
      66    25     1.0117925
      67    25     1.0118032
      68    25     1.0117972
      69    25     1.0117968
      70    25     1.0117872
      71    25     1.0117972
      72    25     1.0118015
      73    25     1.0118102
      74    25     1.0118197
      75    25     1.0118371
      76    25     1.0118550
      77    25     1.0118650
      78    25     1.0118654
      79    25     1.0118649
      80    25     1.0118658
      81    25     1.0118647
      82    25     1.0118627
      83    25     1.0118595
      84    25     1.0118554
      85    25     1.0118576
      86    25     1.0118561
      87    25     1.0118549
      88    25     1.0118566
      89    25     1.0118579
      90    25     1.0118589
       1    26     1.0132973
       2    26     1.0132973
       3    26     1.0132971
       4    26     1.0132968
       5    26     1.0132960
       6    26     1.0132940
       7    26     1.0132931
       8    26     1.0132978
       9    26     1.0132961
      10    26     1.0132970
      11    26     1.0132917
      12    26     1.0132923
      13    26     1.0132967
      14    26     1.0132985
      15    26     1.0132965
      16    26     1.0132929
      17    26     1.0132871
      18    26     1.0132808
      19    26     1.0132752
      20    26     1.0132689
      21    26     1.0132673
      22    26     1.0132625
      23    26     1.0132686
      24    26     1.0132693
      25    26     1.0132702
      26    26     1.0132731
      27    26     1.0132752
      28    26     1.0132696
      29    26     1.0132650
      30    26     1.0132691
      31    26     1.0132606
      32    26     1.0132719
      33    26     1.0132687
      34    26     1.0132681
      35    26     1.0132711
      36    26     1.0132776
      37    26     1.0132695
      38    26     1.0132758
      39    26     1.0132771
      40    26     1.0132725
      41    26     1.0132744
      42    26     1.0132755
      43    26     1.0132777
      44    26     1.0132676
      45    26     1.0132615
      46    26     1.0132581
      47    26     1.0132582
      48    26     1.0132559
      49    26     1.0132582
      50    26     1.0132536
      51    26     1.0132513
      52    26     1.0132373
      53    26     1.0132851
      54    26     1.0133135
      55    26     1.0132640
      56    26     1.0132965
      57    26     1.0132895
      58    26     1.0132674
      59    26     1.0133147
      60    26     1.0132812
      61    26     1.0132458
      62    26     1.0132362
      63    26     1.0132562
      64    26     1.0132449
      65    26     1.0132594
      66    26     1.0132632
      67    26     1.0132724
      68    26     1.0132706
      69    26     1.0132675
      70    26     1.0132614
      71    26     1.0132729
      72    26     1.0132872
      73    26     1.0133100
      74    26     1.0133351
      75    26     1.0133780
      76    26     1.0134389
      77    26     1.0134908
      78    26     1.0135370
      79    26     1.0135715
      80    26     1.0135805
      81    26     1.0135749
      82    26     1.0135667
      83    26     1.0135587
      84    26     1.0135493
      85    26     1.0135474
      86    26     1.0135415
      87    26     1.0135392
      88    26     1.0135394
      89    26     1.0135394
      90    26     1.0135391
       1    27     1.0147720
       2    27     1.0147722
       3    27     1.0147723
       4    27     1.0147722
       5    27     1.0147716
       6    27     1.0147699
       7    27     1.0147658
       8    27     1.0147722
       9    27     1.0147721
      10    27     1.0147728
      11    27     1.0147689
      12    27     1.0147689
      13    27     1.0147741
      14    27     1.0147693
      15    27     1.0147690
      16    27     1.0147640
      17    27     1.0147566
      18    27     1.0147529
      19    27     1.0147472
      20    27     1.0147430
      21    27     1.0147386
      22    27     1.0147362
      23    27     1.0147409
      24    27     1.0147433
      25    27     1.0147432
      26    27     1.0147458
      27    27     1.0147487
      28    27     1.0147455
      29    27     1.0147388
      30    27     1.0147416
      31    27     1.0147356
      32    27     1.0147474
      33    27     1.0147418
      34    27     1.0147408
      35    27     1.0147448
      36    27     1.0147521
      37    27     1.0147437
      38    27     1.0147491
      39    27     1.0147487
      40    27     1.0147458
      41    27     1.0147476
      42    27     1.0147493
      43    27     1.0147488
      44    27     1.0147478
      45    27     1.0147332
      46    27     1.0147339
      47    27     1.0147288
      48    27     1.0147309
      49    27     1.0147391
      50    27     1.0147207
      51    27     1.0147240
      52    27     1.0147031
      53    27     1.0147620
      54    27     1.0147858
      55    27     1.0147397
      56    27     1.0147541
      57    27     1.0147457
      58    27     1.0147421
      59    27     1.0147849
      60    27     1.0147574
      61    27     1.0147094
      62    27     1.0147053
      63    27     1.0147284
      64    27     1.0147172
      65    27     1.0147280
      66    27     1.0147383
      67    27     1.0147467
      68    27     1.0147430
      69    27     1.0147414
      70    27     1.0147455
      71    27     1.0147627
      72    27     1.0147853
      73    27     1.0148038
      74    27     1.0148308
      75    27     1.0148546
      76    27     1.0148901
      77    27     1.0149367
      78    27     1.0149739
      79    27     1.0149956
      80    27     1.0150154
      81    27     1.0150231
      82    27     1.0150268
      83    27     1.0150268
      84    27     1.0150211
      85    27     1.0150233
      86    27     1.0150184
      87    27     1.0150183
      88    27     1.0150200
      89    27     1.0150206
      90    27     1.0150207
       1    28     1.0162485
       2    28     1.0162486
       3    28     1.0162496
       4    28     1.0162506
       5    28     1.0162513
       6    28     1.0162515
       7    28     1.0162496
       8    28     1.0162502
       9    28     1.0162532
      10    28     1.0162504
      11    28     1.0162497
      12    28     1.0162488
      13    28     1.0162533
      14    28     1.0162434
      15    28     1.0162416
      16    28     1.0162320
      17    28     1.0162232
      18    28     1.0162149
      19    28     1.0162107
      20    28     1.0162059
      21    28     1.0161998
      22    28     1.0161986
      23    28     1.0162008
      24    28     1.0162046
      25    28     1.0162041
      26    28     1.0162061
      27    28     1.0162093
      28    28     1.0162088
      29    28     1.0162020
      30    28     1.0162036
      31    28     1.0162008
      32    28     1.0162080
      33    28     1.0162032
      34    28     1.0162009
      35    28     1.0162047
      36    28     1.0162143
      37    28     1.0162057
      38    28     1.0162096
      39    28     1.0162076
      40    28     1.0162055
      41    28     1.0162065
      42    28     1.0162119
      43    28     1.0162087
      44    28     1.0162094
      45    28     1.0161967
      46    28     1.0161973
      47    28     1.0161895
      48    28     1.0161959
      49    28     1.0162020
      50    28     1.0161804
      51    28     1.0161872
      52    28     1.0161571
      53    28     1.0162267
      54    28     1.0162449
      55    28     1.0162029
      56    28     1.0161998
      57    28     1.0161925
      58    28     1.0162054
      59    28     1.0162392
      60    28     1.0162229
      61    28     1.0161623
      62    28     1.0161636
      63    28     1.0161877
      64    28     1.0161839
      65    28     1.0161848
      66    28     1.0162010
      67    28     1.0162053
      68    28     1.0162022
      69    28     1.0162009
      70    28     1.0162483
      71    28     1.0162617
      72    28     1.0162802
      73    28     1.0162888
      74    28     1.0163057
      75    28     1.0163204
      76    28     1.0163353
      77    28     1.0163587
      78    28     1.0163818
      79    28     1.0164100
      80    28     1.0164407
      81    28     1.0164645
      82    28     1.0164846
      83    28     1.0164996
      84    28     1.0165010
      85    28     1.0165133
      86    28     1.0165150
      87    28     1.0165158
      88    28     1.0165172
      89    28     1.0165194
      90    28     1.0165208
       1    29     1.0177365
       2    29     1.0177360
       3    29     1.0177364
       4    29     1.0177366
       5    29     1.0177384
       6    29     1.0177412
       7    29     1.0177427
       8    29     1.0177386
       9    29     1.0177423
      10    29     1.0177362
      11    29     1.0177372
      12    29     1.0177337
      13    29     1.0177345
      14    29     1.0177196
      15    29     1.0177083
      16    29     1.0176891
      17    29     1.0176719
      18    29     1.0176589
      19    29     1.0176495
      20    29     1.0176432
      21    29     1.0176363
      22    29     1.0176348
      23    29     1.0176337
      24    29     1.0176371
      25    29     1.0176374
      26    29     1.0176387
      27    29     1.0176419
      28    29     1.0176428
      29    29     1.0176377
      30    29     1.0176350
      31    29     1.0176365
      32    29     1.0176406
      33    29     1.0176347
      34    29     1.0176355
      35    29     1.0176385
      36    29     1.0176463
      37    29     1.0176396
      38    29     1.0176418
      39    29     1.0176383
      40    29     1.0176380
      41    29     1.0176387
      42    29     1.0176441
      43    29     1.0176411
      44    29     1.0176418
      45    29     1.0176337
      46    29     1.0176305
      47    29     1.0176268
      48    29     1.0176330
      49    29     1.0176349
      50    29     1.0176116
      51    29     1.0176230
      52    29     1.0175855
      53    29     1.0176608
      54    29     1.0176736
      55    29     1.0176380
      56    29     1.0176230
      57    29     1.0176170
      58    29     1.0176402
      59    29     1.0176612
      60    29     1.0176578
      61    29     1.0175893
      62    29     1.0175955
      63    29     1.0176233
      64    29     1.0176215
      65    29     1.0176159
      66    29     1.0176369
      67    29     1.0176359
      68    29     1.0176324
      69    29     1.0176308
      70    29     1.0176580
      71    29     1.0176568
      72    29     1.0176629
      73    29     1.0176678
      74    29     1.0176639
      75    29     1.0176699
      76    29     1.0176721
      77    29     1.0176765
      78    29     1.0176779
      79    29     1.0176815
      80    29     1.0176847
      81    29     1.0176900
      82    29     1.0176956
      83    29     1.0177026
      84    29     1.0176988
      85    29     1.0177077
      86    29     1.0177113
      87    29     1.0177114
      88    29     1.0177102
      89    29     1.0177107
      90    29     1.0177103
       1    30     1.0191416
       2    30     1.0191419
       3    30     1.0191419
       4    30     1.0191416
       5    30     1.0191426
       6    30     1.0191441
       7    30     1.0191432
       8    30     1.0191412
       9    30     1.0191408
      10    30     1.0191374
      11    30     1.0191356
      12    30     1.0191306
      13    30     1.0191235
      14    30     1.0191116
      15    30     1.0191000
      16    30     1.0190837
      17    30     1.0190648
      18    30     1.0190583
      19    30     1.0190468
      20    30     1.0190388
      21    30     1.0190330
      22    30     1.0190286
      23    30     1.0190235
      24    30     1.0190254
      25    30     1.0190268
      26    30     1.0190272
      27    30     1.0190308
      28    30     1.0190330
      29    30     1.0190279
      30    30     1.0190245
      31    30     1.0190274
      32    30     1.0190313
      33    30     1.0190246
      34    30     1.0190251
      35    30     1.0190277
      36    30     1.0190348
      37    30     1.0190291
      38    30     1.0190300
      39    30     1.0190259
      40    30     1.0190277
      41    30     1.0190278
      42    30     1.0190350
      43    30     1.0190300
      44    30     1.0190314
      45    30     1.0190232
      46    30     1.0190201
      47    30     1.0190214
      48    30     1.0190238
      49    30     1.0190252
      50    30     1.0190024
      51    30     1.0190089
      52    30     1.0189728
      53    30     1.0190475
      54    30     1.0190555
      55    30     1.0190292
      56    30     1.0190037
      57    30     1.0189968
      58    30     1.0190304
      59    30     1.0190353
      60    30     1.0190466
      61    30     1.0189738
      62    30     1.0189862
      63    30     1.0190165
      64    30     1.0190088
      65    30     1.0190072
      66    30     1.0190284
      67    30     1.0190253
      68    30     1.0190241
      69    30     1.0190285
      70    30     1.0190300
      71    30     1.0190319
      72    30     1.0190308
      73    30     1.0190313
      74    30     1.0190326
      75    30     1.0190301
      76    30     1.0190314
      77    30     1.0190335
      78    30     1.0190325
      79    30     1.0190306
      80    30     1.0190308
      81    30     1.0190324
      82    30     1.0190352
      83    30     1.0190394
      84    30     1.0190371
      85    30     1.0190402
      86    30     1.0190410
      87    30     1.0190397
      88    30     1.0190386
      89    30     1.0190393
      90    30     1.0190391
       1    31     1.0204091
       2    31     1.0204100
       3    31     1.0204107
       4    31     1.0204110
       5    31     1.0204109
       6    31     1.0204094
       7    31     1.0204081
       8    31     1.0204085
       9    31     1.0204059
      10    31     1.0204041
      11    31     1.0204023
      12    31     1.0204007
      13    31     1.0203957
      14    31     1.0203948
      15    31     1.0203893
      16    31     1.0203855
      17    31     1.0203813
      18    31     1.0203761
      19    31     1.0203734
      20    31     1.0203698
      21    31     1.0203655
      22    31     1.0203620
      23    31     1.0203522
      24    31     1.0203545
      25    31     1.0203563
      26    31     1.0203562
      27    31     1.0203595
      28    31     1.0203624
      29    31     1.0203590
      30    31     1.0203558
      31    31     1.0203599
      32    31     1.0203606
      33    31     1.0203556
      34    31     1.0203542
      35    31     1.0203564
      36    31     1.0203640
      37    31     1.0203592
      38    31     1.0203577
      39    31     1.0203543
      40    31     1.0203567
      41    31     1.0203573
      42    31     1.0203628
      43    31     1.0203594
      44    31     1.0203593
      45    31     1.0203543
      46    31     1.0203534
      47    31     1.0203516
      48    31     1.0203523
      49    31     1.0203583
      50    31     1.0203319
      51    31     1.0203352
      52    31     1.0203010
      53    31     1.0203734
      54    31     1.0203742
      55    31     1.0203608
      56    31     1.0203239
      57    31     1.0203157
      58    31     1.0203612
      59    31     1.0203521
      60    31     1.0203749
      61    31     1.0203005
      62    31     1.0203180
      63    31     1.0203485
      64    31     1.0203395
      65    31     1.0203356
      66    31     1.0203564
      67    31     1.0203555
      68    31     1.0203553
      69    31     1.0203575
      70    31     1.0203531
      71    31     1.0203592
      72    31     1.0203547
      73    31     1.0203542
      74    31     1.0203565
      75    31     1.0203531
      76    31     1.0203522
      77    31     1.0203534
      78    31     1.0203564
      79    31     1.0203542
      80    31     1.0203527
      81    31     1.0203551
      82    31     1.0203591
      83    31     1.0203607
      84    31     1.0203616
      85    31     1.0203610
      86    31     1.0203615
      87    31     1.0203601
      88    31     1.0203591
      89    31     1.0203602
      90    31     1.0203609
       1    32     1.0216397
       2    32     1.0216404
       3    32     1.0216408
       4    32     1.0216409
       5    32     1.0216405
       6    32     1.0216385
       7    32     1.0216370
       8    32     1.0216395
       9    32     1.0216347
      10    32     1.0216337
      11    32     1.0216322
      12    32     1.0216304
      13    32     1.0216311
      14    32     1.0216275
      15    32     1.0216249
      16    32     1.0216264
      17    32     1.0216249
      18    32     1.0216231
      19    32     1.0216220
      20    32     1.0216196
      21    32     1.0216155
      22    32     1.0216142
      23    32     1.0216069
      24    32     1.0216082
      25    32     1.0216097
      26    32     1.0216094
      27    32     1.0216121
      28    32     1.0216150
      29    32     1.0216141
      30    32     1.0216085
      31    32     1.0216153
      32    32     1.0216120
      33    32     1.0216075
      34    32     1.0216091
      35    32     1.0216107
      36    32     1.0216148
      37    32     1.0216118
      38    32     1.0216096
      39    32     1.0216073
      40    32     1.0216091
      41    32     1.0216122
      42    32     1.0216140
      43    32     1.0216133
      44    32     1.0216132
      45    32     1.0216080
      46    32     1.0216097
      47    32     1.0216040
      48    32     1.0216061
      49    32     1.0216179
      50    32     1.0215806
      51    32     1.0215900
      52    32     1.0215535
      53    32     1.0216219
      54    32     1.0216152
      55    32     1.0216158
      56    32     1.0215673
      57    32     1.0215581
      58    32     1.0216149
      59    32     1.0215978
      60    32     1.0216245
      61    32     1.0215538
      62    32     1.0215733
      63    32     1.0216012
      64    32     1.0215960
      65    32     1.0215863
      66    32     1.0216080
      67    32     1.0216110
      68    32     1.0216040
      69    32     1.0216054
      70    32     1.0216045
      71    32     1.0216052
      72    32     1.0216056
      73    32     1.0216060
      74    32     1.0216078
      75    32     1.0216095
      76    32     1.0216024
      77    32     1.0216022
      78    32     1.0216066
      79    32     1.0216072
      80    32     1.0216045
      81    32     1.0216043
      82    32     1.0216058
      83    32     1.0216077
      84    32     1.0216059
      85    32     1.0216083
      86    32     1.0216092
      87    32     1.0216080
      88    32     1.0216065
      89    32     1.0216050
      90    32     1.0216053
       1    33     1.0227762
       2    33     1.0227762
       3    33     1.0227759
       4    33     1.0227763
       5    33     1.0227774
       6    33     1.0227779
       7    33     1.0227758
       8    33     1.0227757
       9    33     1.0227747
      10    33     1.0227757
      11    33     1.0227755
      12    33     1.0227731
      13    33     1.0227746
      14    33     1.0227732
      15    33     1.0227716
      16    33     1.0227760
      17    33     1.0227751
      18    33     1.0227779
      19    33     1.0227753
      20    33     1.0227755
      21    33     1.0227744
      22    33     1.0227737
      23    33     1.0227710
      24    33     1.0227694
      25    33     1.0227706
      26    33     1.0227705
      27    33     1.0227724
      28    33     1.0227757
      29    33     1.0227746
      30    33     1.0227688
      31    33     1.0227757
      32    33     1.0227729
      33    33     1.0227683
      34    33     1.0227713
      35    33     1.0227719
      36    33     1.0227746
      37    33     1.0227728
      38    33     1.0227694
      39    33     1.0227684
      40    33     1.0227700
      41    33     1.0227719
      42    33     1.0227761
      43    33     1.0227742
      44    33     1.0227734
      45    33     1.0227723
      46    33     1.0227674
      47    33     1.0227659
      48    33     1.0227680
      49    33     1.0227786
      50    33     1.0227406
      51    33     1.0227541
      52    33     1.0227143
      53    33     1.0227779
      54    33     1.0227673
      55    33     1.0227780
      56    33     1.0227187
      57    33     1.0227126
      58    33     1.0227752
      59    33     1.0227512
      60    33     1.0227795
      61    33     1.0227154
      62    33     1.0227360
      63    33     1.0227618
      64    33     1.0227601
      65    33     1.0227482
      66    33     1.0227693
      67    33     1.0227714
      68    33     1.0227638
      69    33     1.0227653
      70    33     1.0227673
      71    33     1.0227644
      72    33     1.0227681
      73    33     1.0227666
      74    33     1.0227678
      75    33     1.0227665
      76    33     1.0227650
      77    33     1.0227682
      78    33     1.0227663
      79    33     1.0227663
      80    33     1.0227677
      81    33     1.0227678
      82    33     1.0227662
      83    33     1.0227677
      84    33     1.0227669
      85    33     1.0227693
      86    33     1.0227693
      87    33     1.0227678
      88    33     1.0227662
      89    33     1.0227646
      90    33     1.0227650
       1    34     1.0238279
       2    34     1.0238274
       3    34     1.0238266
       4    34     1.0238266
       5    34     1.0238271
       6    34     1.0238268
       7    34     1.0238269
       8    34     1.0238261
       9    34     1.0238273
      10    34     1.0238263
      11    34     1.0238255
      12    34     1.0238257
      13    34     1.0238249
      14    34     1.0238238
      15    34     1.0238239
      16    34     1.0238251
      17    34     1.0238245
      18    34     1.0238255
      19    34     1.0238263
      20    34     1.0238261
      21    34     1.0238266
      22    34     1.0238264
      23    34     1.0238253
      24    34     1.0238209
      25    34     1.0238225
      26    34     1.0238225
      27    34     1.0238238
      28    34     1.0238273
      29    34     1.0238266
      30    34     1.0238223
      31    34     1.0238278
      32    34     1.0238264
      33    34     1.0238226
      34    34     1.0238224
      35    34     1.0238222
      36    34     1.0238265
      37    34     1.0238251
      38    34     1.0238206
      39    34     1.0238209
      40    34     1.0238220
      41    34     1.0238217
      42    34     1.0238267
      43    34     1.0238244
      44    34     1.0238226
      45    34     1.0238263
      46    34     1.0238173
      47    34     1.0238197
      48    34     1.0238226
      49    34     1.0238275
      50    34     1.0237955
      51    34     1.0238091
      52    34     1.0237678
      53    34     1.0238241
      54    34     1.0238150
      55    34     1.0238309
      56    34     1.0237668
      57    34     1.0237644
      58    34     1.0238253
      59    34     1.0237959
      60    34     1.0238243
      61    34     1.0237685
      62    34     1.0237899
      63    34     1.0238155
      64    34     1.0238130
      65    34     1.0238032
      66    34     1.0238210
      67    34     1.0238230
      68    34     1.0238199
      69    34     1.0238148
      70    34     1.0238200
      71    34     1.0238174
      72    34     1.0238184
      73    34     1.0238193
      74    34     1.0238213
      75    34     1.0238182
      76    34     1.0238187
      77    34     1.0238200
      78    34     1.0238198
      79    34     1.0238175
      80    34     1.0238192
      81    34     1.0238203
      82    34     1.0238185
      83    34     1.0238206
      84    34     1.0238197
      85    34     1.0238211
      86    34     1.0238220
      87    34     1.0238202
      88    34     1.0238184
      89    34     1.0238173
      90    34     1.0238174
       1    35     1.0247543
       2    35     1.0247544
       3    35     1.0247542
       4    35     1.0247537
       5    35     1.0247525
       6    35     1.0247518
       7    35     1.0247529
       8    35     1.0247528
       9    35     1.0247519
      10    35     1.0247499
      11    35     1.0247498
      12    35     1.0247523
      13    35     1.0247500
      14    35     1.0247500
      15    35     1.0247501
      16    35     1.0247506
      17    35     1.0247505
      18    35     1.0247507
      19    35     1.0247523
      20    35     1.0247513
      21    35     1.0247515
      22    35     1.0247522
      23    35     1.0247518
      24    35     1.0247479
      25    35     1.0247488
      26    35     1.0247485
      27    35     1.0247499
      28    35     1.0247527
      29    35     1.0247543
      30    35     1.0247502
      31    35     1.0247560
      32    35     1.0247527
      33    35     1.0247503
      34    35     1.0247487
      35    35     1.0247489
      36    35     1.0247511
      37    35     1.0247503
      38    35     1.0247478
      39    35     1.0247480
      40    35     1.0247482
      41    35     1.0247480
      42    35     1.0247527
      43    35     1.0247496
      44    35     1.0247488
      45    35     1.0247488
      46    35     1.0247453
      47    35     1.0247485
      48    35     1.0247504
      49    35     1.0247541
      50    35     1.0247253
      51    35     1.0247368
      52    35     1.0246963
      53    35     1.0247460
      54    35     1.0247369
      55    35     1.0247577
      56    35     1.0246944
      57    35     1.0246914
      58    35     1.0247490
      59    35     1.0247154
      60    35     1.0247459
      61    35     1.0246960
      62    35     1.0247178
      63    35     1.0247457
      64    35     1.0247378
      65    35     1.0247330
      66    35     1.0247464
      67    35     1.0247502
      68    35     1.0247480
      69    35     1.0247436
      70    35     1.0247473
      71    35     1.0247437
      72    35     1.0247457
      73    35     1.0247439
      74    35     1.0247491
      75    35     1.0247480
      76    35     1.0247474
      77    35     1.0247465
      78    35     1.0247462
      79    35     1.0247461
      80    35     1.0247461
      81    35     1.0247473
      82    35     1.0247460
      83    35     1.0247493
      84    35     1.0247467
      85    35     1.0247489
      86    35     1.0247495
      87    35     1.0247474
      88    35     1.0247453
      89    35     1.0247440
      90    35     1.0247440
       1    36     1.0255360
       2    36     1.0255362
       3    36     1.0255361
       4    36     1.0255356
       5    36     1.0255345
       6    36     1.0255340
       7    36     1.0255350
       8    36     1.0255352
       9    36     1.0255346
      10    36     1.0255333
      11    36     1.0255331
      12    36     1.0255346
      13    36     1.0255325
      14    36     1.0255330
      15    36     1.0255324
      16    36     1.0255336
      17    36     1.0255344
      18    36     1.0255354
      19    36     1.0255351
      20    36     1.0255346
      21    36     1.0255350
      22    36     1.0255357
      23    36     1.0255357
      24    36     1.0255335
      25    36     1.0255332
      26    36     1.0255331
      27    36     1.0255345
      28    36     1.0255362
      29    36     1.0255395
      30    36     1.0255349
      31    36     1.0255416
      32    36     1.0255360
      33    36     1.0255346
      34    36     1.0255348
      35    36     1.0255354
      36    36     1.0255339
      37    36     1.0255348
      38    36     1.0255320
      39    36     1.0255333
      40    36     1.0255330
      41    36     1.0255331
      42    36     1.0255357
      43    36     1.0255343
      44    36     1.0255329
      45    36     1.0255317
      46    36     1.0255310
      47    36     1.0255345
      48    36     1.0255330
      49    36     1.0255387
      50    36     1.0255122
      51    36     1.0255215
      52    36     1.0254816
      53    36     1.0255272
      54    36     1.0255175
      55    36     1.0255420
      56    36     1.0254798
      57    36     1.0254759
      58    36     1.0255311
      59    36     1.0254938
      60    36     1.0255276
      61    36     1.0254815
      62    36     1.0255038
      63    36     1.0255342
      64    36     1.0255210
      65    36     1.0255186
      66    36     1.0255320
      67    36     1.0255340
      68    36     1.0255331
      69    36     1.0255341
      70    36     1.0255308
      71    36     1.0255312
      72    36     1.0255305
      73    36     1.0255312
      74    36     1.0255319
      75    36     1.0255326
      76    36     1.0255324
      77    36     1.0255312
      78    36     1.0255313
      79    36     1.0255330
      80    36     1.0255344
      81    36     1.0255348
      82    36     1.0255355
      83    36     1.0255309
      84    36     1.0255358
      85    36     1.0255321
      86    36     1.0255305
      87    36     1.0255325
      88    36     1.0255332
      89    36     1.0255334
      90    36     1.0255333
       1    37     1.0261606
       2    37     1.0261603
       3    37     1.0261596
       4    37     1.0261603
       5    37     1.0261608
       6    37     1.0261606
       7    37     1.0261602
       8    37     1.0261603
       9    37     1.0261605
      10    37     1.0261609
      11    37     1.0261606
      12    37     1.0261604
      13    37     1.0261600
      14    37     1.0261601
      15    37     1.0261594
      16    37     1.0261591
      17    37     1.0261591
      18    37     1.0261613
      19    37     1.0261601
      20    37     1.0261611
      21    37     1.0261618
      22    37     1.0261616
      23    37     1.0261611
      24    37     1.0261599
      25    37     1.0261596
      26    37     1.0261594
      27    37     1.0261606
      28    37     1.0261621
      29    37     1.0261656
      30    37     1.0261605
      31    37     1.0261678
      32    37     1.0261604
      33    37     1.0261598
      34    37     1.0261623
      35    37     1.0261622
      36    37     1.0261601
      37    37     1.0261620
      38    37     1.0261575
      39    37     1.0261593
      40    37     1.0261592
      41    37     1.0261599
      42    37     1.0261593
      43    37     1.0261606
      44    37     1.0261570
      45    37     1.0261599
      46    37     1.0261576
      47    37     1.0261614
      48    37     1.0261571
      49    37     1.0261643
      50    37     1.0261398
      51    37     1.0261472
      52    37     1.0261082
      53    37     1.0261502
      54    37     1.0261400
      55    37     1.0261676
      56    37     1.0261060
      57    37     1.0261022
      58    37     1.0261560
      59    37     1.0261154
      60    37     1.0261509
      61    37     1.0261093
      62    37     1.0261315
      63    37     1.0261610
      64    37     1.0261466
      65    37     1.0261450
      66    37     1.0261602
      67    37     1.0261591
      68    37     1.0261596
      69    37     1.0261626
      70    37     1.0261570
      71    37     1.0261607
      72    37     1.0261557
      73    37     1.0261581
      74    37     1.0261587
      75    37     1.0261584
      76    37     1.0261579
      77    37     1.0261566
      78    37     1.0261614
      79    37     1.0261561
      80    37     1.0261605
      81    37     1.0261611
      82    37     1.0261598
      83    37     1.0261557
      84    37     1.0261617
      85    37     1.0261605
      86    37     1.0261549
      87    37     1.0261564
      88    37     1.0261583
      89    37     1.0261593
      90    37     1.0261600
       1    40     0.9953234
       2    40     0.9953229
       3    40     0.9953226
       4    40     0.9953222
       5    40     0.9953218
       6    40     0.9953213
       7    40     0.9953223
       8    40     0.9953211
       9    40     0.9953220
      10    40     0.9953227
      11    40     0.9953222
      12    40     0.9953238
      13    40     0.9953223
      14    40     0.9953228
      15    40     0.9953208
      16    40     0.9953221
      17    40     0.9953224
      18    40     0.9953245
      19    40     0.9953212
      20    40     0.9953224
      21    40     0.9953214
      22    40     0.9953189
      23    40     0.9953222
      24    40     0.9953176
      25    40     0.9953225
      26    40     0.9953163
      27    40     0.9953157
      28    40     0.9953203
      29    40     0.9953218
      30    40     0.9953223
      31    40     0.9953148
      32    40     0.9953172
      33    40     0.9953151
      34    40     0.9953211
      35    40     0.9953198
      36    40     0.9953171
      37    40     0.9953162
      38    40     0.9953163
      39    40     0.9953169
      40    40     0.9953176
       1    41     0.9958720
       2    41     0.9958720
       3    41     0.9958720
       4    41     0.9958720
       5    41     0.9958721
       6    41     0.9958725
       7    41     0.9958730
       8    41     0.9958730
       9    41     0.9958733
      10    41     0.9958734
      11    41     0.9958742
      12    41     0.9958720
      13    41     0.9958745
      14    41     0.9958737
      15    41     0.9958720
      16    41     0.9958736
      17    41     0.9958738
      18    41     0.9958740
      19    41     0.9958748
      20    41     0.9958764
      21    41     0.9958714
      22    41     0.9958747
      23    41     0.9958708
      24    41     0.9958672
      25    41     0.9958697
      26    41     0.9958668
      27    41     0.9958659
      28    41     0.9958723
      29    41     0.9958720
      30    41     0.9958738
      31    41     0.9958657
      32    41     0.9958679
      33    41     0.9958659
      34    41     0.9958718
      35    41     0.9958701
      36    41     0.9958677
      37    41     0.9958666
      38    41     0.9958667
      39    41     0.9958673
      40    41     0.9958679
       1    42     0.9964112
       2    42     0.9964115
       3    42     0.9964118
       4    42     0.9964122
       5    42     0.9964128
       6    42     0.9964130
       7    42     0.9964117
       8    42     0.9964105
       9    42     0.9964108
      10    42     0.9964129
      11    42     0.9964118
      12    42     0.9964107
      13    42     0.9964122
      14    42     0.9964111
      15    42     0.9964132
      16    42     0.9964113
      17    42     0.9964136
      18    42     0.9964128
      19    42     0.9964140
      20    42     0.9964152
      21    42     0.9964111
      22    42     0.9964128
      23    42     0.9964088
      24    42     0.9964092
      25    42     0.9964050
      26    42     0.9964055
      27    42     0.9964043
      28    42     0.9964117
      29    42     0.9964097
      30    42     0.9964125
      31    42     0.9964044
      32    42     0.9964066
      33    42     0.9964048
      34    42     0.9964110
      35    42     0.9964089
      36    42     0.9964064
      37    42     0.9964052
      38    42     0.9964058
      39    42     0.9964062
      40    42     0.9964068
       1    43     0.9969338
       2    43     0.9969338
       3    43     0.9969338
       4    43     0.9969336
       5    43     0.9969327
       6    43     0.9969321
       7    43     0.9969321
       8    43     0.9969327
       9    43     0.9969336
      10    43     0.9969332
      11    43     0.9969327
      12    43     0.9969336
      13    43     0.9969338
      14    43     0.9969322
      15    43     0.9969347
      16    43     0.9969325
      17    43     0.9969352
      18    43     0.9969331
      19    43     0.9969362
      20    43     0.9969346
      21    43     0.9969365
      22    43     0.9969307
      23    43     0.9969322
      24    43     0.9969317
      25    43     0.9969265
      26    43     0.9969284
      27    43     0.9969260
      28    43     0.9969349
      29    43     0.9969307
      30    43     0.9969336
      31    43     0.9969264
      32    43     0.9969282
      33    43     0.9969266
      34    43     0.9969327
      35    43     0.9969306
      36    43     0.9969280
      37    43     0.9969266
      38    43     0.9969270
      39    43     0.9969275
      40    43     0.9969279
       1    44     0.9974331
       2    44     0.9974333
       3    44     0.9974332
       4    44     0.9974329
       5    44     0.9974318
       6    44     0.9974318
       7    44     0.9974330
       8    44     0.9974344
       9    44     0.9974325
      10    44     0.9974322
      11    44     0.9974341
      12    44     0.9974329
      13    44     0.9974329
      14    44     0.9974336
      15    44     0.9974344
      16    44     0.9974330
      17    44     0.9974342
      18    44     0.9974330
      19    44     0.9974372
      20    44     0.9974340
      21    44     0.9974357
      22    44     0.9974337
      23    44     0.9974288
      24    44     0.9974281
      25    44     0.9974274
      26    44     0.9974294
      27    44     0.9974260
      28    44     0.9974349
      29    44     0.9974298
      30    44     0.9974331
      31    44     0.9974262
      32    44     0.9974278
      33    44     0.9974263
      34    44     0.9974331
      35    44     0.9974304
      36    44     0.9974275
      37    44     0.9974269
      38    44     0.9974272
      39    44     0.9974275
      40    44     0.9974279
       1    45     0.9979068
       2    45     0.9979069
       3    45     0.9979067
       4    45     0.9979065
       5    45     0.9979064
       6    45     0.9979062
       7    45     0.9979063
       8    45     0.9979038
       9    45     0.9979052
      10    45     0.9979068
      11    45     0.9979043
      12    45     0.9979067
      13    45     0.9979052
      14    45     0.9979054
      15    45     0.9979055
      16    45     0.9979055
      17    45     0.9979067
      18    45     0.9979044
      19    45     0.9979081
      20    45     0.9979075
      21    45     0.9979063
      22    45     0.9979051
      23    45     0.9979007
      24    45     0.9979001
      25    45     0.9979050
      26    45     0.9979054
      27    45     0.9978990
      28    45     0.9979065
      29    45     0.9979018
      30    45     0.9979051
      31    45     0.9978991
      32    45     0.9979003
      33    45     0.9978991
      34    45     0.9979050
      35    45     0.9979030
      36    45     0.9978999
      37    45     0.9978991
      38    45     0.9978993
      39    45     0.9978996
      40    45     0.9978998
       1    46     0.9983467
       2    46     0.9983462
       3    46     0.9983457
       4    46     0.9983451
       5    46     0.9983445
       6    46     0.9983446
       7    46     0.9983461
       8    46     0.9983442
       9    46     0.9983478
      10    46     0.9983467
      11    46     0.9983451
      12    46     0.9983455
      13    46     0.9983479
      14    46     0.9983467
      15    46     0.9983465
      16    46     0.9983477
      17    46     0.9983455
      18    46     0.9983450
      19    46     0.9983467
      20    46     0.9983495
      21    46     0.9983500
      22    46     0.9983459
      23    46     0.9983417
      24    46     0.9983425
      25    46     0.9983458
      26    46     0.9983463
      27    46     0.9983405
      28    46     0.9983462
      29    46     0.9983423
      30    46     0.9983459
      31    46     0.9983397
      32    46     0.9983405
      33    46     0.9983395
      34    46     0.9983461
      35    46     0.9983433
      36    46     0.9983404
      37    46     0.9983401
      38    46     0.9983401
      39    46     0.9983401
      40    46     0.9983402
       1    47     0.9987476
       2    47     0.9987475
       3    47     0.9987474
       4    47     0.9987474
       5    47     0.9987474
       6    47     0.9987484
       7    47     0.9987501
       8    47     0.9987503
       9    47     0.9987499
      10    47     0.9987498
      11    47     0.9987512
      12    47     0.9987479
      13    47     0.9987498
      14    47     0.9987502
      15    47     0.9987503
      16    47     0.9987496
      17    47     0.9987489
      18    47     0.9987491
      19    47     0.9987505
      20    47     0.9987529
      21    47     0.9987531
      22    47     0.9987481
      23    47     0.9987435
      24    47     0.9987470
      25    47     0.9987445
      26    47     0.9987467
      27    47     0.9987443
      28    47     0.9987482
      29    47     0.9987446
      30    47     0.9987482
      31    47     0.9987431
      32    47     0.9987439
      33    47     0.9987427
      34    47     0.9987485
      35    47     0.9987473
      36    47     0.9987441
      37    47     0.9987434
      38    47     0.9987436
      39    47     0.9987443
      40    47     0.9987450
       1    48     0.9991095
       2    48     0.9991098
       3    48     0.9991102
       4    48     0.9991107
       5    48     0.9991113
       6    48     0.9991122
       7    48     0.9991115
       8    48     0.9991107
       9    48     0.9991093
      10    48     0.9991122
      11    48     0.9991099
      12    48     0.9991111
      13    48     0.9991101
      14    48     0.9991093
      15    48     0.9991107
      16    48     0.9991113
      17    48     0.9991116
      18    48     0.9991100
      19    48     0.9991106
      20    48     0.9991114
      21    48     0.9991147
      22    48     0.9991090
      23    48     0.9991087
      24    48     0.9991059
      25    48     0.9991047
      26    48     0.9991061
      27    48     0.9991064
      28    48     0.9991091
      29    48     0.9991061
      30    48     0.9991099
      31    48     0.9991039
      32    48     0.9991046
      33    48     0.9991035
      34    48     0.9991090
      35    48     0.9991073
      36    48     0.9991051
      37    48     0.9991037
      38    48     0.9991034
      39    48     0.9991039
      40    48     0.9991043
       1    49     0.9994252
       2    49     0.9994253
       3    49     0.9994255
       4    49     0.9994256
       5    49     0.9994259
       6    49     0.9994251
       7    49     0.9994230
       8    49     0.9994229
       9    49     0.9994243
      10    49     0.9994257
      11    49     0.9994226
      12    49     0.9994250
      13    49     0.9994256
      14    49     0.9994241
      15    49     0.9994257
      16    49     0.9994268
      17    49     0.9994231
      18    49     0.9994258
      19    49     0.9994244
      20    49     0.9994241
      21    49     0.9994301
      22    49     0.9994226
      23    49     0.9994231
      24    49     0.9994178
      25    49     0.9994185
      26    49     0.9994178
      27    49     0.9994222
      28    49     0.9994207
      29    49     0.9994201
      30    49     0.9994232
      31    49     0.9994174
      32    49     0.9994187
      33    49     0.9994172
      34    49     0.9994245
      35    49     0.9994210
      36    49     0.9994185
      37    49     0.9994184
      38    49     0.9994183
      39    49     0.9994183
      40    49     0.9994184
       1    50     0.9996865
       2    50     0.9996864
       3    50     0.9996864
       4    50     0.9996864
       5    50     0.9996859
       6    50     0.9996835
       7    50     0.9996823
       8    50     0.9996853
       9    50     0.9996870
      10    50     0.9996848
      11    50     0.9996858
      12    50     0.9996845
      13    50     0.9996870
      14    50     0.9996869
      15    50     0.9996875
      16    50     0.9996861
      17    50     0.9996852
      18    50     0.9996846
      19    50     0.9996868
      20    50     0.9996872
      21    50     0.9996908
      22    50     0.9996813
      23    50     0.9996804
      24    50     0.9996797
      25    50     0.9996812
      26    50     0.9996784
      27    50     0.9996838
      28    50     0.9996822
      29    50     0.9996804
      30    50     0.9996837
      31    50     0.9996790
      32    50     0.9996805
      33    50     0.9996789
      34    50     0.9996850
      35    50     0.9996837
      36    50     0.9996799
      37    50     0.9996797
      38    50     0.9996805
      39    50     0.9996810
      40    50     0.9996816
       1    51     0.9998914
       2    51     0.9998912
       3    51     0.9998911
       4    51     0.9998909
       5    51     0.9998894
       6    51     0.9998880
       7    51     0.9998891
       8    51     0.9998930
       9    51     0.9998927
      10    51     0.9998879
      11    51     0.9998924
      12    51     0.9998898
      13    51     0.9998914
      14    51     0.9998922
      15    51     0.9998915
      16    51     0.9998905
      17    51     0.9998932
      18    51     0.9998893
      19    51     0.9998903
      20    51     0.9998908
      21    51     0.9999308
      22    51     0.9998875
      23    51     0.9998862
      24    51     0.9998872
      25    51     0.9998885
      26    51     0.9998842
      27    51     0.9998897
      28    51     0.9998886
      29    51     0.9998864
      30    51     0.9998908
      31    51     0.9998848
      32    51     0.9998860
      33    51     0.9998846
      34    51     0.9998891
      35    51     0.9998888
      36    51     0.9998854
      37    51     0.9998843
      38    51     0.9998847
      39    51     0.9998851
      40    51     0.9998857
