1c1
< 'Ref LIM3I Title' 'TFTR26#28 45426 CARBON n=3000 t=1e-7 SOL4 TN322'
---
> 'Ref LIM3I Title' 'SAMM C2 Carbon n=2000 t=3e-7 SOL4 TN376'
3c3
< '    Collision opt  0std 1inf 2zeff 3tpara           '     3
---
> '    Collision opt  0std 1inf 2zeff 3tpara           '     4
5c5
< '    Heating opt    0std 1inf 2zero 3Ti              '     0                    
---
> '    Heating opt    0std 1inf 2zero 3Ti              '     4                    
7,8c7,8
< '    SOL option     0zero 1 2 3 4 5con 6/7stag 8solef'     4
< '    Plasma decay   0con 1lin 2exp 3fit 4l/e 5e/l 6j '     1                   
---
> '    SOL option     0zero 1 2 3 4 5con 6/7stag 8solef'     1
> '    Plasma decay   0con 1lin 2exp 3fit 4l/e 5e/l 6j '     3                    
12c12
< '    Limiter edge   0slab 1wed 2circ 3blunt 4belt    '     7
---
> '    Limiter edge   0slab 1wed 2circ 3blunt 4belt    '     8
14a15
> '    Dperp Option   0normal 1stepwise  TN339         '     0
26,28c27,29
< '    X position of plasma center (+ve)  A     (m)    '   0.80                  
< '    X position of wall (-ve)           AW    (m)    '   -0.2                   
< '    Half separation between limiters   L     (m)    '   35.98
---
> '    X position of plasma center (+ve)  A     (m)    '    0.46                  
> '    X position of wall (-ve)           AW    (m)    '   -0.08                   
> '    Half separation between limiters   L     (m)    '   41.43
31,35c32,36
< ' 94 TEMPERATURE outboard base Y < 0    TBout<(eV)   '   51.0
< ' 94   outboard exponential decay Y < 0 LTout<(m)    '    0.0864
< '201   outboard base value Y > 0        TBout>(eV)   '   51.0
< '201   outboard exponential decay Y > 0 LTout>(m)    '    0.0864
< ' 94   inboard base value               TBin  (eV)   '   51.0
---
> ' 94 TEMPERATURE outboard base Y < 0    TBout<(eV)   '   15.0
> ' 94   outboard exponential decay Y < 0 LTout<(m)    '    0.038
> '201   outboard base value Y > 0        TBout>(eV)   '   15.0
> '201   outboard exponential decay Y > 0 LTout>(m)    '    0.038
> ' 94   inboard base value               TBin  (eV)   '   15.0
37,38c38,39
< '      0 < X < ATin linear decay        GTin1 (eV/m) '  3333.0
< '100   inboard crossover point          ATin  (m)    '    0.4                   
---
> '      0 < X < ATin linear decay        GTin1 (eV/m) '  5300.0
> '100   inboard crossover point          ATin  (m)    '    0.7                  
40c41
< '100   ATin < X < A linear decay        GTin2 (eV/m) '  3333.0                  
---
> '100   ATin < X < A linear decay        GTin2 (eV/m) '  5300.0                  
42c43,73
< '111   Number of rows of (X,Tb) data :-'     0                                  
---
> '111   Number of rows of (X,Tb) data :-'     30
> 0.005102   17.197
> 0.010776   19.252
> 0.02212    23.392
> 0.02780    25.646
> 0.03347    28.264
> 0.03914    31.455
> 0.04482    35.393
> 0.05616    45.232
> 0.06184    50.861
> 0.06751    56.774
> 0.07318    62.811
> 0.07886    68.810
> 0.09020    80.331
> 0.09588    86.018
> 0.10155    91.822
> 0.10722    97.866
> 0.11290    104.27
> 0.12424    118.67
> 0.12992    126.74
> 0.13559    135.32
> 0.14127    144.32
> 0.14694    153.66
> 0.15829    173.03
> 0.16396    182.96
> 0.16963    193.82
> 0.17531    206.80
> 0.18098    223.10
> 0.19233    266.37
> 0.19800    291.11
> 0.45000    1400.0
51,52c82,83
< '      0 < X < ATiin linear decay      GTiin1 (eV/m) '  5000.0
< '      ION inboard crossover point     ATiin  (m)    '    0.43                   
---
> '      0 < X < ATiin linear decay      GTiin1 (eV/m) '  4800.0
> '      ION inboard crossover point     ATiin  (m)    '    0.7                   
59,63c90,94
< ' 94 ION DENSITY outboard base Y < 0    NBout<(m**-3)'   3.5E18
< ' 94   outboard exponential decay Y < 0 LNout<(m)    '    .0736
< '201   outboard base value Y > 0        NBout>(m**-3)'   3.5E18
< '201   outboard exponential decay Y > 0 LNout>(m)    '    .0736
< ' 94   inboard base value               NBin  (m**-3)'   3.5E18
---
> ' 94 ION DENSITY outboard base Y < 0    NBout<(m**-3)'   5.0e18
> ' 94   outboard exponential decay Y < 0 LNout<(m)    '    .024
> '201   outboard base value Y > 0        NBout>(m**-3)'   5.0E18
> '201   outboard exponential decay Y > 0 LNout>(m)    '    .024
> ' 94   inboard base value               NBin  (m**-3)'   5.0E18
65,66c96,97
< '      0 < X < ANin linear decay        GNin1 (m**-4)'   3.0E19          
< '100   inboard crossover point          ANin  (m)    '    0.4                    
---
> '      0 < X < ANin linear decay        GNin1 (m**-4)'    0.0            
> '100   inboard crossover point          ANin  (m)    '    0.7                   
68,70c99,101
< '100   ANin < X < A linear decay        GNin2 (m**-4)'   3.0E19                 
< '274   inboard density at X = A         NBA   (m**-3)'   3.0E19             
< '274   inboard parameter                Gamma        '    1.2
---
> '100   ANin < X < A linear decay        GNin2 (m**-4)'    0.0                   
> '274   inboard density at X = A         NBA   (m**-3)'   5.35E19             
> '274   inboard parameter                Gamma        '    0.5                   
72c103,133
< '111   Number of rows of (X,Nb) data :-'    0                                   
---
> '111   Number of rows of (X,Nb) data :-'    30
> 0.005102   5.9698e18
> 0.010776   6.7243e18
> 0.02212    8.4783e18
> 0.02780    9.5884e18
> 0.03347    1.0750e19
> 0.03914    1.1847e19
> 0.04482    1.2785e19
> 0.05616    1.4414e19
> 0.06184    1.5303e19
> 0.06751    1.6334e19
> 0.07318    1.7508e19
> 0.07886    1.8818e19
> 0.09020    2.1823e19
> 0.09588    2.3506e19
> 0.10155    2.5302e19
> 0.10722    2.7188e19
> 0.11290    2.9114e19
> 0.12424    3.2882e19
> 0.12992    3.4725e19
> 0.13559    3.6646e19
> 0.14127    3.8737e19
> 0.14694    4.1090e19
> 0.15829    4.6947e19
> 0.16396    5.0623e19
> 0.16963    5.4807e19
> 0.17531    5.9418e19
> 0.18098    6.4377e19
> 0.19233    7.5019e19
> 0.19800    8.0542e19
> 0.45000    2.5000e20
83c144
< '    Mass of impurity ions              Mi           '   12.0
---
> '    Mass of impurity ions              Mi           '    12.0
94c155
< '110 Neutral X cutoff point for launching     (m)    '  -99.0
---
> '110 Neutral X cutoff point for launching     (m)    '   -0.1                   
107c168
< '103 Special coll/fric/heat options outside X = (m)  '    1.0E-3
---
> '103 Special coll/fric/heat options outside X = (m)  '   -5.0E-3
128c189
< '    Number of impurity ions to be followed          '   3000
---
> '    Number of impurity ions to be followed          '   2000 
130c191
< '    Quantum iteration time in LIM      qtim   (s)   '    1.0E-7
---
> '    Quantum iteration time in LIM      qtim   (s)   '    3.0E-7
154,159d214
<              -0.18
<              -0.16
<              -0.14
<              -0.12
<              -0.1
<              -0.08
162,169c217,244
<              -0.05  
<              -0.04
<              -0.03
<              -0.02
<              -0.01
<               0.00                                                           
<               0.01
<               0.02
---
>              -0.05 
>              -0.040
>              -0.035
>              -0.030
>              -0.025
>              -0.020
>              -0.015
>              -0.012
>              -0.009
>              -0.006
>              -0.004
>              -0.003
>              -0.002                                                
>              -0.001
>               0.000                                                           
>               0.001 
>               0.002                                                          
>               0.003                                                             
>               0.004
>               0.005
>               0.006
>               0.007
>               0.008
>               0.010
>               0.012
>               0.015
>               0.020
>               0.025
170a246
>               0.035
171a248
>               0.045
177,178c254
<               0.1
<               0.11
---
>               0.10    
180d255
<               0.13 
182d256
<               0.15
184,186c258
<               0.17
<               0.18 
<               0.19
---
>               0.18
188,191c260
<               0.22
<               0.24
<               0.26
<               0.28
---
>               0.25
193d261
<               0.325
195d262
<               0.375
198,203d264
<               0.50
<               0.55
<               0.60
<               0.65
<               0.70
<               0.75
205a267,290
>               0.0005
>               0.001
>               0.002
>               0.003
>               0.004
>               0.005
>               0.006
>               0.007
>               0.008
>               0.009
>               0.01
>               0.012 
>               0.014
>               0.016
>               0.018
>               0.020
>               0.025
>               0.030
>               0.035
>               0.040
>               0.045
>               0.050
>               0.06
>               0.08
206a292,295
>               0.12
>               0.14
>               0.16
>               0.18
207a297,298
>               0.22
>               0.25
209c300,301
<               0.4
---
>               0.35
>               0.40
212d303
<               0.7 
214d304
<               0.9  
216d305
<               1.1  
218d306
<               1.3
220,221c308
<               1.5
<               1.75
---
>               1.7
225d311
<               3.5 
227d312
<               4.5
229,231d313
<               5.5
<               6.0 
<               6.5
233,235d314
<               7.5
<               8.0
<               8.5
237,254d315
<               9.5 
<              10.0
<              10.5
<              11.0
<              11.5 
<              12.0
<              13.0    
<              14.0
<              16.0
<              18.0
<              20.0 
<              22.0
<              24.0
<              26.0
<              28.0
<              30.0
<              32.0      
<              34.0
299,300c360,361
< '288 Actual Plasma Surface Area         Ap    (m*m)    '   63.1
< '288 Actual Limiter Wetted Length       WL    (m)      '   12.57             
---
> '288 Actual Plasma Surface Area         Ap    (m*m)    '   31.78               
> '288 Actual Limiter Wetted Length       WL    (m)      '   13.03                
321c382,383
< 'T131 TFTR Limiter Radius of Curvature  RLEDGE7     (m)'     1.0
---
> 'T131 TFTR Limiter Radius of Curvature              (m)'    99.0
> 'T329 Edge 8 : Round end - limiter curvature radius (m)'     0.017
324a387,388
> 'T339 Size of Dperp Step for Dperp option 1 (m)        '     0.01
> 
