   1017.29999       0.00000000    
   1019.32001       1115.91992    
   1011.27002       1162.71997    
   1002.24994       1212.38989    
   1026.40002       1212.38989    
   1034.97009       1163.92004    
   1038.42993       1162.35999    
   1061.22009       1163.56006    
   1098.95007       1165.90002    
   1138.14001       1168.23999    
   1161.91992       1174.46008    
   1190.08008       1186.98999    
   1210.13000       1201.85010    
   1230.81995       1224.98999    
   1239.39001       1238.63989    
   1261.08008       1286.33997    
   1280.76001       1334.03003    
   1280.76001       1348.10999    
   1330.62000       1348.10999    
   1419.47998       1347.48999    
   1419.47998       1310.37000    
   1379.93005       1310.93005    
   1374.10999       1306.89001    
   1367.40991       1264.08997    
   1367.89001       1226.46997    
   1372.32996       1194.76001    
   1388.40991       1164.48999    
   1402.21997       1157.29004    
   1415.59009       1156.46997    
   1425.88000       1162.76001    
   1447.00000       1182.00000    
   1488.00000       1219.00000    
   1496.00000       1228.00000    
   1491.09998       1213.48999    
   1495.01001       1161.71008    
   1477.65002       1122.27002    
   1481.69006       1115.91992    
   1491.05005       1112.75000    
   1529.42004       1104.83008    
   1602.03003       1093.08008    
   1641.33997       1070.20996    
   1646.87000       1078.45996    
   1783.40002       1072.09009    
   2045.18005       1039.09009    
   2056.05005       1043.22009    
   2106.43018       999.729980    
   2085.68994       869.265991    
   2222.20996       519.112000    
   2242.94995       448.630981    
   2301.83008       280.677002    
   2311.51001       279.680023    
   2333.64014       219.330002    
   2340.12012       219.873001    
   2346.45020       198.669006    
   2348.28003       63.2878990    
   2351.09985       42.0836983    
   2348.28003      -254.776001    
   2346.45020      -272.718018    
   2344.61987      -410.818024    
   2351.09985      -420.604004    
   2239.80005      -684.297974    
   2223.33008      -684.297974    
   2210.52002      -714.201965    
   2213.18018      -732.687012    
   2206.70020      -753.892029    
   2200.21021      -735.950012    
   2187.56006      -771.289978    
   2193.88013      -789.776001    
   2132.32983      -945.817993    
   1783.94995      -1158.94995    
   1745.19006      -1239.95996    
   1746.87000      -1240.47998    
   1745.79004      -1243.80005    
   1645.20007      -1244.79993    
   1401.17004      -1244.77002    
   1385.58997      -1248.20996    
   1374.90002      -1258.32996    
   1369.53992      -1269.41003    
   1368.23999      -1275.55005    
   1368.59998      -1322.46997    
   1372.56006      -1324.69995    
   1427.70007      -1324.69995    
   1427.70007      -1357.82007    
   1164.50000      -1358.94006    
   1016.27002      -1218.00000    
   1017.50006      -1217.00000    
   1017.29999      -1.00000000    
   1017.29999       0.00000000    
