/home/lisgos/solps4.3/src/Braams/b2plot/linux.Intel_EM/b2plot.std
 default: core_rad_extra=  -1.00000000000000     
 Reading namelist initialization
 Reading namelist transport
 Reading namelist boundary
 Reading namelist neutrals
 Reading namelist diagnostics
 Reading namelist cut
 Reading namelist impurities
 Reading namelist drifts
 Reading namelist numerics
 Reading namelist elm
 Reading namelist user
 Reading namelist feedback
 label: 
 ITER#1512_(F57_ref-20-NF-C0,_tau=0.45e-6,_ntime=150)                           
  
 Topology: SN
 ntns =            2
 msns recalculated:
       1    2    3    4    5
       1    1    1    1    1
 init: nntrgrp=           3
    ID        surfaces
  1 pump        164  165  166  167  168  169  170  171
  2 Vout         72   73   74   75   76
  3 Vin          88   89   90   91
 VERSION = 
 4.0.13                                                                         
  
 NX,NY,NS =           90          36           9
 Special treatment for phiin/phiout
 Reading namelist initialization
 Reading namelist transport
 Reading namelist boundary
 Reading namelist neutrals
 Reading namelist diagnostics
 Reading namelist cut
 Reading namelist impurities
 Reading namelist drifts
 Reading namelist numerics
 Reading namelist elm
 Reading namelist user
 Reading namelist feedback
 label: 
 ITER#1512_(F57_ref-20-NF-C0,_tau=0.45e-6,_ntime=150)                           
  
 Topology: SN
 ntns =            2
 msns recalculated:
       1    2    3    4    5
       1    1    1    1    1
 init: nntrgrp=           3
    ID        surfaces
  1 pump        164  165  166  167  168  169  170  171
  2 Vout         72   73   74   75   76
  3 Vin          88   89   90   91
 b2albll: L,R,q,B,C =   1.0294E+02  6.2235E+00  2.6325E+00  5.3263E+00  3.8209E-06
 b2albll: max. alpha =   1.93E+00  at (ix,iy) =   88  12
 zn:            1           2           2           6           6           6
           6           6           6
 NX=           90  NXX =          100  NTCUT =            3
  1   1   1.0   1.0    13.598
  2   2   1.0   2.0    24.587
  3   2   2.0   2.0    79.003
  4   3   1.0   6.0    11.260
  5   3   2.0   6.0    35.643
  6   3   3.0   6.0    83.530
  7   3   4.0   6.0   148.022
  8   3   5.0   6.0   540.099
  9   3   6.0   6.0  1030.080
 ngread: jvft44,jneutrad=    20080706           0
 nlimi,nstsi,iistr:         180           7           8
 nstrai,nspecies=           7           3
 impflag           -1
 line radiation for ispec =            1  =   0.000000000000000E+000
 line radiation for ispec =            2  =   -3434470.44764706     
 line radiation for ispec =            3  =   -33312687.7026571     
 line radiation for all species =   -36747158.1503042     
 contourplot on
 Filled Contour Levels
 contour level lines on
 Labeling on
 grid off
 separatrix off
 same_page set to            0
           X point    5.1165   -3.4242
Inner strike-point    4.2187   -3.8038
Outer strike-point    5.5543   -4.3928
 nlabels,nfns,nparameters,nsparameters,nconstants=         115         138
          23          20           7
 STACK r,i,s,m =            0           0           0           0
 Labeling off
 Apply operator lbof to plot array
 STACK r,i,s,m =            0           0           0           0
 separatrix state changed
 Apply operator sep  to plot array
 STACK r,i,s,m =            0           0           0           0
 contour level lines off
 Apply operator clvl to plot array
 STACK r,i,s,m =            0           0           0           0
 vessel state changed
 Apply operator vesl to plot array
 STACK r,i,s,m =            0           0           0           0
 Apply operator phys to plot array
 STACK r,i,s,m =            0           0           0           0
 STACK r,i,s,m =            1           0           0           0
 Apply operator lbsz to plot array
 STACK r,i,s,m =            0           0           0           0
 Apply operator writ to plot array
 STACK r,i,s,m =            0           0           0           0
 Apply operator phys to plot array
 STACK r,i,s,m =            0           0           0           0
 Read string: ITER#1512 (F57 ref-20-NF-C0, tau=0.45e-6, ntime=150)  - 81.4 ms
 STACK r,i,s,m =            0           0           1           0
 jcpos =          64
 parsed extralabel to:   
 ITER#1512 (F57 ref-20-NF-C0, tau=0.45e-6, ntime=150)  - 81.4 ms                
                                                                                
                                                                                
                    
 STACK r,i,s,m =            0           0           0           0
 Read string: ITER#1512 (F57 ref-20-NF-C0, tau=0.45e-6, ntime=150)  - 81.4 ms
 STACK r,i,s,m =            0           0           1           0
 jcpos =          64
 parsed extralabel to:   
 ITER#1512 (F57 ref-20-NF-C0, tau=0.45e-6, ntime=150)  - 81.4 ms                
                                                                                
                                                                                
                    
 STACK r,i,s,m =            0           0           0           0
 Copy te   to plot array
 STACK r,i,s,m =            0           0           0           1
 STACK r,i,s,m =            0           1           0           1
 Read string: TDV/te1512.txt
 STACK r,i,s,m =            0           1           1           1
 b2paux: ig=         -18
 b2pwrtbl: frm=
 (3x,2hix,3x,2hiy,6x,1hx,11x,1hy,5x,   1(6x,1hz,i2.2,5x))                       
  
 b2pwrtbl: frm=
 (2i5,1p,2e12.4,   1e14.6)                                                      
  
 Apply operator user to plot array with args          -18
 STACK r,i,s,m =            0           0           0           1
 Apply operator drop to plot array
 STACK r,i,s,m =            0           0           0           0
 Read string: ITER#1512 (F57 ref-20-NF-C0, tau=0.45e-6, ntime=150)  - 81.4 ms
 STACK r,i,s,m =            0           0           1           0
 jcpos =          64
 parsed extralabel to:   
 ITER#1512 (F57 ref-20-NF-C0, tau=0.45e-6, ntime=150)  - 81.4 ms                
                                                                                
                                                                                
                    
 STACK r,i,s,m =            0           0           0           0
 Copy ne   to plot array
 STACK r,i,s,m =            0           0           0           1
 STACK r,i,s,m =            0           1           0           1
 Read string: TDV/ne1512.txt
 STACK r,i,s,m =            0           1           1           1
 b2paux: ig=         -18
 b2pwrtbl: frm=
 (3x,2hix,3x,2hiy,6x,1hx,11x,1hy,5x,   1(6x,1hz,i2.2,5x))                       
  
 b2pwrtbl: frm=
 (2i5,1p,2e12.4,   1e14.6)                                                      
  
 Apply operator user to plot array with args          -18
 STACK r,i,s,m =            0           0           0           1
 Apply operator drop to plot array
 STACK r,i,s,m =            0           0           0           0
 Read string: ITER#1512 (F57 ref-20-NF-C0, tau=0.45e-6, ntime=150)  - 81.4 ms
 STACK r,i,s,m =            0           0           1           0
 jcpos =          64
 parsed extralabel to:   
 ITER#1512 (F57 ref-20-NF-C0, tau=0.45e-6, ntime=150)  - 81.4 ms                
                                                                                
                                                                                
                    
 STACK r,i,s,m =            0           0           0           0
 Copy ti   to plot array
 STACK r,i,s,m =            0           0           0           1
 STACK r,i,s,m =            0           1           0           1
 Read string: TDV/ti1512.txt
 STACK r,i,s,m =            0           1           1           1
 b2paux: ig=         -18
 b2pwrtbl: frm=
 (3x,2hix,3x,2hiy,6x,1hx,11x,1hy,5x,   1(6x,1hz,i2.2,5x))                       
  
 b2pwrtbl: frm=
 (2i5,1p,2e12.4,   1e14.6)                                                      
  
 Apply operator user to plot array with args          -18
 STACK r,i,s,m =            0           0           0           1
 Apply operator drop to plot array
 STACK r,i,s,m =            0           0           0           0
 Read string: ITER#1512 (F57 ref-20-NF-C0, tau=0.45e-6, ntime=150)  - 81.4 ms
 STACK r,i,s,m =            0           0           1           0
 jcpos =          64
 parsed extralabel to:   
 ITER#1512 (F57 ref-20-NF-C0, tau=0.45e-6, ntime=150)  - 81.4 ms                
                                                                                
                                                                                
                    
 STACK r,i,s,m =            0           0           0           0
 Copy ni   to plot array
 STACK r,i,s,m =            0           0           0           1
 STACK r,i,s,m =            0           1           0           1
 Read string: TDV/ni1512.txt
 STACK r,i,s,m =            0           1           1           1
 b2paux: ig=         -18
 b2pwrtbl: frm=
 (3x,2hix,3x,2hiy,6x,1hx,11x,1hy,5x,   9(6x,1hz,i2.2,5x))                       
  
 b2pwrtbl: frm=
 (2i5,1p,2e12.4,   9e14.6)                                                      
  
 Apply operator user to plot array with args          -18
 STACK r,i,s,m =            0           0           0           1
 Apply operator drop to plot array
 STACK r,i,s,m =            0           0           0           0
 Read string: ITER#1512 (F57 ref-20-NF-C0, tau=0.45e-6, ntime=150)  - 81.4 ms
 STACK r,i,s,m =            0           0           1           0
 jcpos =          64
 parsed extralabel to:   
 ITER#1512 (F57 ref-20-NF-C0, tau=0.45e-6, ntime=150)  - 81.4 ms                
                                                                                
                                                                                
                    
 STACK r,i,s,m =            0           0           0           0
 Copy up   to plot array
 STACK r,i,s,m =            0           0           0           1
 STACK r,i,s,m =            0           1           0           1
 Read string: TDV/up1512.txt
 STACK r,i,s,m =            0           1           1           1
 b2paux: ig=         -18
 b2pwrtbl: frm=
 (3x,2hix,3x,2hiy,6x,1hx,11x,1hy,5x,   9(6x,1hz,i2.2,5x))                       
  
 b2pwrtbl: frm=
 (2i5,1p,2e12.4,   9e14.6)                                                      
  
 Apply operator user to plot array with args          -18
 STACK r,i,s,m =            0           0           0           1
 Apply operator drop to plot array
 STACK r,i,s,m =            0           0           0           0
 Read string: ITER#1512 (F57 ref-20-NF-C0, tau=0.45e-6, ntime=150)  - 81.4 ms
 STACK r,i,s,m =            0           0           1           0
 jcpos =          64
 parsed extralabel to:   
 ITER#1512 (F57 ref-20-NF-C0, tau=0.45e-6, ntime=150)  - 81.4 ms                
                                                                                
                                                                                
                    
 STACK r,i,s,m =            0           0           0           0
 Copy dab2 to plot array
 STACK r,i,s,m =            0           0           0           1
 STACK r,i,s,m =            0           1           0           1
 Read string: TDV/na1512.txt
 STACK r,i,s,m =            0           1           1           1
 b2paux: ig=         -18
 b2pwrtbl: frm=
 (3x,2hix,3x,2hiy,6x,1hx,11x,1hy,5x,   3(6x,1hz,i2.2,5x))                       
  
 b2pwrtbl: frm=
 (2i5,1p,2e12.4,   3e14.6)                                                      
  
 Apply operator user to plot array with args          -18
 STACK r,i,s,m =            0           0           0           1
 Apply operator drop to plot array
 STACK r,i,s,m =            0           0           0           0
 Read string: ITER#1512 (F57 ref-20-NF-C0, tau=0.45e-6, ntime=150)  - 81.4 ms
 STACK r,i,s,m =            0           0           1           0
 jcpos =          64
 parsed extralabel to:   
 ITER#1512 (F57 ref-20-NF-C0, tau=0.45e-6, ntime=150)  - 81.4 ms                
                                                                                
                                                                                
                    
 STACK r,i,s,m =            0           0           0           0
 Copy dmb2 to plot array
 STACK r,i,s,m =            0           0           0           1
 STACK r,i,s,m =            0           1           0           1
 Read string: TDV/nm1512.txt
 STACK r,i,s,m =            0           1           1           1
 b2paux: ig=         -18
 b2pwrtbl: frm=
 (3x,2hix,3x,2hiy,6x,1hx,11x,1hy,5x,   1(6x,1hz,i2.2,5x))                       
  
 b2pwrtbl: frm=
 (2i5,1p,2e12.4,   1e14.6)                                                      
  
 Apply operator user to plot array with args          -18
 STACK r,i,s,m =            0           0           0           1
 Apply operator drop to plot array
 STACK r,i,s,m =            0           0           0           0
   file is B2SXDR (6 characters)
   action is read (4 characters)
   file is B2SDIAG (7 characters)
   action is read (4 characters)
